TN:
SF:app/ci-runtime-guard.tsx
FN:9,CIRuntimeGuard
FN:10,(anonymous_4)
FN:21,(anonymous_5)
FN:64,(anonymous_6)
FN:72,(anonymous_7)
FN:88,(anonymous_8)
FNF:6
FNH:0
FNDA:0,CIRuntimeGuard
FNDA:0,(anonymous_4)
FNDA:0,(anonymous_5)
FNDA:0,(anonymous_6)
FNDA:0,(anonymous_7)
FNDA:0,(anonymous_8)
DA:3,0
DA:9,0
DA:10,0
DA:11,0
DA:13,0
DA:14,0
DA:17,0
DA:20,0
DA:21,0
DA:22,0
DA:25,0
DA:26,0
DA:27,0
DA:56,0
DA:58,0
DA:61,0
DA:62,0
DA:64,0
DA:65,0
DA:66,0
DA:67,0
DA:69,0
DA:72,0
DA:73,0
DA:74,0
DA:75,0
DA:77,0
DA:80,0
DA:83,0
DA:85,0
DA:88,0
DA:89,0
DA:91,0
DA:92,0
DA:93,0
DA:94,0
DA:104,0
DA:107,0
LF:38
LH:0
BRDA:13,0,0,0
BRDA:13,0,1,0
BRDA:22,1,0,0
BRDA:22,1,1,0
BRDA:25,2,0,0
BRDA:25,2,1,0
BRDA:25,3,0,0
BRDA:25,3,1,0
BRDA:33,4,0,0
BRDA:33,4,1,0
BRDA:41,5,0,0
BRDA:41,5,1,0
BRDA:65,6,0,0
BRDA:65,6,1,0
BRDA:73,7,0,0
BRDA:73,7,1,0
BRF:16
BRH:0
end_of_record
TN:
SF:app/error.tsx
FN:10,Error
FN:11,(anonymous_2)
FN:38,(anonymous_3)
FNF:3
FNH:0
FNDA:0,Error
FNDA:0,(anonymous_2)
FNDA:0,(anonymous_3)
DA:3,0
DA:10,0
DA:11,0
DA:12,0
DA:38,0
LF:5
LH:0
BRDA:53,0,0,0
BRDA:60,1,0,0
BRF:2
BRH:0
end_of_record
TN:
SF:app/layout.tsx
FN:55,RootLayout
FNF:1
FNH:0
FNDA:0,RootLayout
DA:2,0
DA:3,0
DA:4,0
DA:7,0
DA:9,0
DA:16,0
DA:23,0
DA:30,0
DA:37,0
DA:43,0
DA:50,0
DA:55,0
LF:12
LH:0
BRDA:69,0,0,0
BRF:1
BRH:0
end_of_record
TN:
SF:app/loading.tsx
FN:1,Loading
FNF:1
FNH:0
FNDA:0,Loading
DA:1,0
LF:1
LH:0
BRF:0
BRH:0
end_of_record
TN:
SF:app/not-found.tsx
FN:1,NotFound
FNF:1
FNH:0
FNDA:0,NotFound
DA:1,0
LF:1
LH:0
BRF:0
BRH:0
end_of_record
TN:
SF:app/page.tsx
FN:10,LoadingFallback
FN:21,Page
FN:25,(anonymous_4)
FN:34,(anonymous_5)
FN:35,(anonymous_6)
FN:59,(anonymous_7)
FNF:6
FNH:3
FNDA:0,LoadingFallback
FNDA:3,Page
FNDA:3,(anonymous_4)
FNDA:0,(anonymous_5)
FNDA:3,(anonymous_6)
FNDA:0,(anonymous_7)
DA:3,1
DA:4,1
DA:5,1
DA:6,1
DA:7,1
DA:8,1
DA:21,3
DA:22,3
DA:23,3
DA:25,3
DA:26,3
DA:28,3
DA:29,3
DA:30,0
DA:34,3
DA:35,3
DA:37,0
DA:59,0
LF:18
LH:15
BRDA:29,0,0,0
BRDA:29,0,1,3
BRDA:56,1,0,3
BRDA:65,2,0,3
BRDA:65,2,1,3
BRDA:74,3,0,3
BRDA:74,3,1,3
BRF:7
BRH:6
end_of_record
TN:
SF:app/admin/error.tsx
FN:10,AdminError
FN:11,(anonymous_2)
FN:39,(anonymous_3)
FN:46,(anonymous_4)
FNF:4
FNH:3
FNDA:11,AdminError
FNDA:11,(anonymous_2)
FNDA:0,(anonymous_3)
FNDA:1,(anonymous_4)
DA:3,1
DA:10,11
DA:11,11
DA:12,11
DA:39,0
DA:46,1
LF:6
LH:5
BRDA:53,0,0,11
BRDA:61,1,0,3
BRDA:66,2,0,3
BRF:3
BRH:3
end_of_record
TN:
SF:app/admin/layout.tsx
FN:15,AdminContent
FN:28,AuthenticatedContent
FN:83,DropdownPortal
FN:86,(anonymous_5)
FN:88,(anonymous_6)
FN:111,AdminHeader
FN:118,(anonymous_8)
FN:128,(anonymous_9)
FN:130,(anonymous_10)
FN:142,(anonymous_11)
FN:143,(anonymous_12)
FN:154,(anonymous_13)
FN:243,(anonymous_14)
FN:250,(anonymous_15)
FN:257,(anonymous_16)
FN:264,(anonymous_17)
FN:289,AdminLayout
FNF:17
FNH:0
FNDA:0,AdminContent
FNDA:0,AuthenticatedContent
FNDA:0,DropdownPortal
FNDA:0,(anonymous_5)
FNDA:0,(anonymous_6)
FNDA:0,AdminHeader
FNDA:0,(anonymous_8)
FNDA:0,(anonymous_9)
FNDA:0,(anonymous_10)
FNDA:0,(anonymous_11)
FNDA:0,(anonymous_12)
FNDA:0,(anonymous_13)
FNDA:0,(anonymous_14)
FNDA:0,(anonymous_15)
FNDA:0,(anonymous_16)
FNDA:0,(anonymous_17)
FNDA:0,AdminLayout
DA:3,0
DA:4,0
DA:5,0
DA:6,0
DA:7,0
DA:8,0
DA:9,0
DA:16,0
DA:17,0
DA:20,0
DA:29,0
DA:84,0
DA:86,0
DA:87,0
DA:88,0
DA:91,0
DA:93,0
DA:112,0
DA:113,0
DA:114,0
DA:115,0
DA:116,0
DA:118,0
DA:119,0
DA:120,0
DA:122,0
DA:127,0
DA:128,0
DA:130,0
DA:131,0
DA:132,0
DA:133,0
DA:138,0
DA:142,0
DA:143,0
DA:144,0
DA:149,0
DA:153,0
DA:154,0
DA:155,0
DA:243,0
DA:250,0
DA:257,0
DA:264,0
DA:289,0
DA:290,0
DA:293,0
DA:294,0
LF:48
LH:0
BRDA:20,0,0,0
BRDA:20,0,1,0
BRDA:49,1,0,0
BRDA:57,2,0,0
BRDA:91,3,0,0
BRDA:91,3,1,0
BRDA:91,4,0,0
BRDA:91,4,1,0
BRDA:119,5,0,0
BRDA:119,5,1,0
BRDA:131,6,0,0
BRDA:131,6,1,0
BRDA:144,7,0,0
BRDA:144,7,1,0
BRDA:144,8,0,0
BRDA:144,8,1,0
BRDA:144,8,2,0
BRDA:144,8,3,0
BRDA:144,8,4,0
BRDA:176,9,0,0
BRDA:176,9,1,0
BRDA:176,9,2,0
BRDA:179,10,0,0
BRDA:179,10,1,0
BRDA:196,11,0,0
BRDA:196,11,1,0
BRDA:199,12,0,0
BRDA:199,12,1,0
BRDA:202,13,0,0
BRDA:202,13,1,0
BRDA:205,14,0,0
BRDA:205,14,1,0
BRDA:215,15,0,0
BRDA:215,15,1,0
BRDA:219,16,0,0
BRDA:219,16,1,0
BRDA:242,17,0,0
BRDA:242,17,1,0
BRDA:249,18,0,0
BRDA:249,18,1,0
BRDA:256,19,0,0
BRDA:256,19,1,0
BRDA:263,20,0,0
BRDA:263,20,1,0
BRDA:272,21,0,0
BRDA:272,21,1,0
BRDA:275,22,0,0
BRDA:275,22,1,0
BRDA:278,23,0,0
BRDA:278,23,1,0
BRDA:293,24,0,0
BRDA:293,24,1,0
BRF:52
BRH:0
end_of_record
TN:
SF:app/admin/loading.tsx
FN:1,AdminLoading
FN:9,(anonymous_2)
FNF:2
FNH:0
FNDA:0,AdminLoading
FNDA:0,(anonymous_2)
DA:1,0
DA:10,0
LF:2
LH:0
BRF:0
BRH:0
end_of_record
TN:
SF:app/admin/page.tsx
FN:5,AdminPage
FNF:1
FNH:1
FNDA:15,AdminPage
DA:3,1
DA:5,7
DA:9,15
LF:3
LH:3
BRF:0
BRH:0
end_of_record
TN:
SF:app/admin/analytics/page.tsx
FN:66,AnalyticsPage
FN:71,(anonymous_2)
FN:117,(anonymous_3)
FN:121,(anonymous_4)
FN:126,(anonymous_5)
FN:132,(anonymous_6)
FN:317,(anonymous_7)
FNF:7
FNH:0
FNDA:0,AnalyticsPage
FNDA:0,(anonymous_2)
FNDA:0,(anonymous_3)
FNDA:0,(anonymous_4)
FNDA:0,(anonymous_5)
FNDA:0,(anonymous_6)
FNDA:0,(anonymous_7)
DA:3,0
DA:4,0
DA:66,0
DA:67,0
DA:68,0
DA:69,0
DA:71,0
DA:72,0
DA:73,0
DA:76,0
DA:77,0
DA:81,0
DA:82,0
DA:85,0
DA:96,0
DA:97,0
DA:100,0
DA:105,0
DA:109,0
DA:111,0
DA:113,0
DA:117,0
DA:118,0
DA:121,0
DA:122,0
DA:126,0
DA:127,0
DA:128,0
DA:129,0
DA:132,0
DA:133,0
DA:139,0
DA:142,0
DA:153,0
DA:167,0
DA:318,0
LF:36
LH:0
BRDA:76,0,0,0
BRDA:76,0,1,0
BRDA:81,1,0,0
BRDA:81,1,1,0
BRDA:96,2,0,0
BRDA:96,2,1,0
BRDA:96,3,0,0
BRDA:96,3,1,0
BRDA:111,4,0,0
BRDA:111,4,1,0
BRDA:127,5,0,0
BRDA:127,5,1,0
BRDA:128,6,0,0
BRDA:128,6,1,0
BRDA:139,7,0,0
BRDA:139,7,1,0
BRDA:142,8,0,0
BRDA:142,8,1,0
BRDA:153,9,0,0
BRDA:153,9,1,0
BRDA:167,10,0,0
BRDA:167,10,1,0
BRDA:192,11,0,0
BRDA:328,12,0,0
BRF:24
BRH:0
end_of_record
TN:
SF:app/admin/bluesky/page.tsx
FN:60,BlueskyAdminPage
FN:67,(anonymous_2)
FN:72,(anonymous_3)
FN:84,(anonymous_4)
FN:98,(anonymous_5)
FN:119,(anonymous_6)
FN:132,(anonymous_7)
FN:244,(anonymous_8)
FNF:8
FNH:0
FNDA:0,BlueskyAdminPage
FNDA:0,(anonymous_2)
FNDA:0,(anonymous_3)
FNDA:0,(anonymous_4)
FNDA:0,(anonymous_5)
FNDA:0,(anonymous_6)
FNDA:0,(anonymous_7)
FNDA:0,(anonymous_8)
DA:3,0
DA:4,0
DA:5,0
DA:6,0
DA:7,0
DA:60,0
DA:61,0
DA:62,0
DA:63,0
DA:64,0
DA:65,0
DA:67,0
DA:68,0
DA:69,0
DA:72,0
DA:73,0
DA:74,0
DA:75,0
DA:76,0
DA:77,0
DA:80,0
DA:84,0
DA:85,0
DA:86,0
DA:87,0
DA:88,0
DA:89,0
DA:92,0
DA:94,0
DA:98,0
DA:99,0
DA:100,0
DA:101,0
DA:107,0
DA:108,0
DA:109,0
DA:110,0
DA:113,0
DA:115,0
DA:119,0
DA:120,0
DA:121,0
DA:122,0
DA:123,0
DA:124,0
DA:126,0
DA:128,0
DA:132,0
DA:133,0
DA:134,0
DA:135,0
DA:136,0
DA:137,0
DA:141,0
DA:245,0
LF:55
LH:0
BRDA:76,0,0,0
BRDA:76,0,1,0
BRDA:88,1,0,0
BRDA:88,1,1,0
BRDA:108,2,0,0
BRDA:108,2,1,0
BRDA:133,3,0,0
BRDA:133,3,1,0
BRDA:133,3,2,0
BRDA:133,3,3,0
BRDA:141,4,0,0
BRDA:141,4,1,0
BRDA:162,5,0,0
BRDA:169,6,0,0
BRDA:185,7,0,0
BRDA:185,7,1,0
BRDA:186,8,0,0
BRDA:186,8,1,0
BRDA:188,9,0,0
BRDA:201,10,0,0
BRDA:201,10,1,0
BRDA:203,11,0,0
BRDA:203,11,1,0
BRDA:203,12,0,0
BRDA:203,12,1,0
BRDA:217,13,0,0
BRDA:217,13,1,0
BRDA:221,14,0,0
BRDA:221,14,1,0
BRDA:225,15,0,0
BRDA:225,15,1,0
BRDA:253,16,0,0
BRDA:253,16,1,0
BRDA:260,17,0,0
BRDA:260,17,1,0
BRDA:261,18,0,0
BRDA:261,18,1,0
BRDA:263,19,0,0
BRDA:263,19,1,0
BRDA:264,20,0,0
BRDA:264,20,1,0
BRDA:266,21,0,0
BRDA:266,21,1,0
BRDA:267,22,0,0
BRDA:267,22,1,0
BRDA:269,23,0,0
BRDA:269,23,1,0
BRDA:270,24,0,0
BRDA:270,24,1,0
BRDA:287,25,0,0
BRDA:287,25,1,0
BRDA:291,26,0,0
BRDA:291,26,1,0
BRDA:295,27,0,0
BRDA:295,27,1,0
BRDA:299,28,0,0
BRDA:299,28,1,0
BRDA:307,29,0,0
BRDA:307,29,1,0
BRDA:314,30,0,0
BRDA:314,30,1,0
BRDA:332,31,0,0
BRDA:332,31,1,0
BRDA:336,32,0,0
BRDA:336,32,1,0
BRF:65
BRH:0
end_of_record
TN:
SF:app/admin/content/page.tsx
FN:27,ContentManagementPage
FN:33,(anonymous_3)
FN:37,(anonymous_4)
FN:77,(anonymous_5)
FN:171,(anonymous_6)
FN:190,(anonymous_7)
FN:234,(anonymous_8)
FN:240,(anonymous_9)
FN:246,(anonymous_10)
FN:252,(anonymous_11)
FN:264,(anonymous_12)
FN:265,(anonymous_13)
FN:266,(anonymous_14)
FN:267,(anonymous_15)
FN:268,(anonymous_16)
FN:281,(anonymous_17)
FNF:16
FNH:0
FNDA:0,ContentManagementPage
FNDA:0,(anonymous_3)
FNDA:0,(anonymous_4)
FNDA:0,(anonymous_5)
FNDA:0,(anonymous_6)
FNDA:0,(anonymous_7)
FNDA:0,(anonymous_8)
FNDA:0,(anonymous_9)
FNDA:0,(anonymous_10)
FNDA:0,(anonymous_11)
FNDA:0,(anonymous_12)
FNDA:0,(anonymous_13)
FNDA:0,(anonymous_14)
FNDA:0,(anonymous_15)
FNDA:0,(anonymous_16)
FNDA:0,(anonymous_17)
DA:3,0
DA:4,0
DA:27,0
DA:28,0
DA:29,0
DA:30,0
DA:31,0
DA:33,0
DA:34,0
DA:37,0
DA:38,0
DA:39,0
DA:40,0
DA:42,0
DA:43,0
DA:44,0
DA:46,0
DA:49,0
DA:50,0
DA:52,0
DA:77,0
DA:78,0
DA:79,0
DA:80,0
DA:81,0
DA:82,0
DA:83,0
DA:84,0
DA:85,0
DA:89,0
DA:172,0
DA:191,0
DA:234,0
DA:240,0
DA:246,0
DA:252,0
DA:264,0
DA:265,0
DA:266,0
DA:267,0
DA:268,0
DA:282,0
LF:42
LH:0
BRDA:42,0,0,0
BRDA:42,0,1,0
BRDA:78,1,0,0
BRDA:78,1,1,0
BRDA:78,1,2,0
BRDA:78,1,3,0
BRDA:78,1,4,0
BRDA:78,1,5,0
BRDA:78,1,6,0
BRDA:89,2,0,0
BRDA:89,2,1,0
BRDA:121,3,0,0
BRDA:130,4,0,0
BRDA:235,5,0,0
BRDA:235,5,1,0
BRDA:237,6,0,0
BRDA:237,6,1,0
BRDA:241,7,0,0
BRDA:241,7,1,0
BRDA:243,8,0,0
BRDA:243,8,1,0
BRDA:247,9,0,0
BRDA:247,9,1,0
BRDA:249,10,0,0
BRDA:249,10,1,0
BRDA:253,11,0,0
BRDA:253,11,1,0
BRDA:255,12,0,0
BRDA:255,12,1,0
BRDA:262,13,0,0
BRDA:262,13,1,0
BRDA:274,14,0,0
BRDA:294,15,0,0
BRF:33
BRH:0
end_of_record
TN:
SF:app/admin/content/add-manual/page.tsx
FN:6,AddManualContent
FN:17,(anonymous_6)
FN:48,(anonymous_7)
FN:79,(anonymous_8)
FN:110,(anonymous_9)
FN:111,(anonymous_10)
FN:143,(anonymous_11)
FN:218,(anonymous_12)
FN:227,(anonymous_13)
FN:245,(anonymous_14)
FN:248,(anonymous_15)
FN:273,(anonymous_16)
FN:304,(anonymous_17)
FN:328,(anonymous_18)
FN:354,(anonymous_19)
FNF:15
FNH:0
FNDA:0,AddManualContent
FNDA:0,(anonymous_6)
FNDA:0,(anonymous_7)
FNDA:0,(anonymous_8)
FNDA:0,(anonymous_9)
FNDA:0,(anonymous_10)
FNDA:0,(anonymous_11)
FNDA:0,(anonymous_12)
FNDA:0,(anonymous_13)
FNDA:0,(anonymous_14)
FNDA:0,(anonymous_15)
FNDA:0,(anonymous_16)
FNDA:0,(anonymous_17)
FNDA:0,(anonymous_18)
FNDA:0,(anonymous_19)
DA:3,0
DA:4,0
DA:6,0
DA:7,0
DA:8,0
DA:9,0
DA:10,0
DA:12,0
DA:13,0
DA:14,0
DA:15,0
DA:17,0
DA:18,0
DA:19,0
DA:20,0
DA:23,0
DA:24,0
DA:26,0
DA:27,0
DA:33,0
DA:35,0
DA:36,0
DA:37,0
DA:39,0
DA:42,0
DA:44,0
DA:48,0
DA:49,0
DA:50,0
DA:51,0
DA:54,0
DA:55,0
DA:57,0
DA:58,0
DA:64,0
DA:66,0
DA:67,0
DA:70,0
DA:73,0
DA:75,0
DA:79,0
DA:80,0
DA:81,0
DA:82,0
DA:85,0
DA:86,0
DA:88,0
DA:89,0
DA:95,0
DA:97,0
DA:98,0
DA:99,0
DA:101,0
DA:104,0
DA:106,0
DA:110,0
DA:111,0
DA:113,0
DA:114,0
DA:115,0
DA:118,0
DA:119,0
DA:121,0
DA:122,0
DA:128,0
DA:130,0
DA:131,0
DA:132,0
DA:134,0
DA:137,0
DA:139,0
DA:143,0
DA:144,0
DA:145,0
DA:147,0
DA:148,0
DA:149,0
DA:151,0
DA:153,0
DA:154,0
DA:156,0
DA:159,0
DA:161,0
DA:218,0
DA:227,0
DA:246,0
DA:248,0
DA:273,0
DA:304,0
DA:328,0
DA:354,0
LF:91
LH:0
BRDA:18,0,0,0
BRDA:18,0,1,0
BRDA:35,1,0,0
BRDA:35,1,1,0
BRDA:39,2,0,0
BRDA:39,2,1,0
BRDA:49,3,0,0
BRDA:49,3,1,0
BRDA:66,4,0,0
BRDA:66,4,1,0
BRDA:67,5,0,0
BRDA:67,5,1,0
BRDA:70,6,0,0
BRDA:70,6,1,0
BRDA:80,7,0,0
BRDA:80,7,1,0
BRDA:97,8,0,0
BRDA:97,8,1,0
BRDA:101,9,0,0
BRDA:101,9,1,0
BRDA:113,10,0,0
BRDA:113,10,1,0
BRDA:130,11,0,0
BRDA:130,11,1,0
BRDA:134,12,0,0
BRDA:134,12,1,0
BRDA:148,13,0,0
BRDA:148,13,1,0
BRDA:153,14,0,0
BRDA:153,14,1,0
BRDA:154,15,0,0
BRDA:154,15,1,0
BRDA:156,16,0,0
BRDA:156,16,1,0
BRDA:201,17,0,0
BRDA:207,18,0,0
BRDA:250,19,0,0
BRDA:250,19,1,0
BRDA:264,20,0,0
BRDA:284,21,0,0
BRDA:284,21,1,0
BRDA:287,22,0,0
BRDA:287,22,1,0
BRDA:293,23,0,0
BRDA:312,24,0,0
BRDA:312,24,1,0
BRDA:315,25,0,0
BRDA:315,25,1,0
BRDA:336,26,0,0
BRDA:336,26,1,0
BRDA:339,27,0,0
BRDA:339,27,1,0
BRDA:346,28,0,0
BRDA:368,29,0,0
BRDA:368,29,1,0
BRDA:371,30,0,0
BRDA:371,30,1,0
BRF:57
BRH:0
end_of_record
TN:
SF:app/admin/dashboard/page.tsx
FN:11,AdminDashboard
FN:19,(anonymous_3)
FN:37,(anonymous_4)
FN:45,(anonymous_5)
FN:110,(anonymous_6)
FN:138,(anonymous_7)
FN:174,(anonymous_8)
FN:201,(anonymous_9)
FN:228,(anonymous_10)
FN:280,(anonymous_11)
FN:308,(anonymous_12)
FN:384,(anonymous_13)
FNF:12
FNH:0
FNDA:0,AdminDashboard
FNDA:0,(anonymous_3)
FNDA:0,(anonymous_4)
FNDA:0,(anonymous_5)
FNDA:0,(anonymous_6)
FNDA:0,(anonymous_7)
FNDA:0,(anonymous_8)
FNDA:0,(anonymous_9)
FNDA:0,(anonymous_10)
FNDA:0,(anonymous_11)
FNDA:0,(anonymous_12)
FNDA:0,(anonymous_13)
DA:3,0
DA:4,0
DA:5,0
DA:6,0
DA:7,0
DA:8,0
DA:11,0
DA:13,0
DA:16,0
DA:19,0
DA:20,0
DA:21,0
DA:22,0
DA:23,0
DA:24,0
DA:25,0
DA:34,0
DA:37,0
DA:38,0
DA:39,0
DA:40,0
DA:41,0
DA:42,0
DA:45,0
DA:46,0
DA:47,0
DA:48,0
DA:50,0
DA:51,0
DA:52,0
DA:55,0
DA:66,0
DA:111,0
DA:139,0
DA:140,0
DA:146,0
DA:175,0
DA:176,0
DA:181,0
DA:201,0
DA:229,0
DA:230,0
DA:231,0
DA:236,0
DA:281,0
DA:309,0
DA:385,0
DA:387,0
LF:48
LH:0
BRDA:24,0,0,0
BRDA:24,0,1,0
BRDA:31,1,0,0
BRDA:31,1,1,0
BRDA:38,2,0,0
BRDA:38,2,1,0
BRDA:47,3,0,0
BRDA:47,3,1,0
BRDA:50,4,0,0
BRDA:50,4,1,0
BRDA:51,5,0,0
BRDA:51,5,1,0
BRDA:55,6,0,0
BRDA:55,6,1,0
BRDA:66,7,0,0
BRDA:66,7,1,0
BRDA:108,8,0,0
BRDA:108,8,1,0
BRDA:112,9,0,0
BRDA:112,9,1,0
BRDA:113,10,0,0
BRDA:113,10,1,0
BRDA:118,11,0,0
BRDA:139,12,0,0
BRDA:139,12,1,0
BRDA:150,13,0,0
BRDA:150,13,1,0
BRDA:156,14,0,0
BRDA:156,14,1,0
BRDA:156,15,0,0
BRDA:156,15,1,0
BRDA:157,16,0,0
BRDA:157,16,1,0
BRDA:157,17,0,0
BRDA:157,17,1,0
BRDA:160,18,0,0
BRDA:160,18,1,0
BRDA:160,19,0,0
BRDA:160,19,1,0
BRDA:161,20,0,0
BRDA:161,20,1,0
BRDA:161,21,0,0
BRDA:161,21,1,0
BRDA:175,22,0,0
BRDA:175,22,1,0
BRDA:185,23,0,0
BRDA:185,23,1,0
BRDA:201,24,0,0
BRDA:201,24,1,0
BRDA:215,25,0,0
BRDA:215,25,1,0
BRDA:228,26,0,0
BRDA:228,26,1,0
BRDA:230,27,0,0
BRDA:230,27,1,0
BRDA:231,28,0,0
BRDA:231,28,1,0
BRDA:232,29,0,0
BRDA:232,29,1,0
BRDA:233,30,0,0
BRDA:233,30,1,0
BRDA:234,31,0,0
BRDA:234,31,1,0
BRDA:243,32,0,0
BRDA:243,32,1,0
BRDA:244,33,0,0
BRDA:244,33,1,0
BRDA:256,34,0,0
BRDA:256,34,1,0
BRDA:257,35,0,0
BRDA:257,35,1,0
BRDA:270,36,0,0
BRDA:270,36,1,0
BRDA:270,37,0,0
BRDA:270,37,1,0
BRDA:271,38,0,0
BRDA:271,38,1,0
BRDA:271,39,0,0
BRDA:271,39,1,0
BRDA:280,40,0,0
BRDA:280,40,1,0
BRDA:287,41,0,0
BRDA:287,41,1,0
BRDA:308,42,0,0
BRDA:308,42,1,0
BRDA:309,43,0,0
BRDA:309,43,1,0
BRDA:312,44,0,0
BRDA:312,44,1,0
BRDA:313,45,0,0
BRDA:313,45,1,0
BRDA:339,46,0,0
BRDA:339,46,1,0
BRDA:385,47,0,0
BRDA:385,47,1,0
BRF:95
BRH:0
end_of_record
TN:
SF:app/admin/debug/page.tsx
FN:6,AdminDebugPage
FN:11,(anonymous_2)
FN:13,(anonymous_3)
FN:17,(anonymous_4)
FN:26,(anonymous_5)
FN:36,(anonymous_6)
FN:58,(anonymous_7)
FN:70,(anonymous_8)
FN:90,(anonymous_9)
FNF:9
FNH:0
FNDA:0,AdminDebugPage
FNDA:0,(anonymous_2)
FNDA:0,(anonymous_3)
FNDA:0,(anonymous_4)
FNDA:0,(anonymous_5)
FNDA:0,(anonymous_6)
FNDA:0,(anonymous_7)
FNDA:0,(anonymous_8)
FNDA:0,(anonymous_9)
DA:3,0
DA:4,0
DA:6,0
DA:7,0
DA:8,0
DA:9,0
DA:11,0
DA:12,0
DA:13,0
DA:14,0
DA:17,0
DA:18,0
DA:19,0
DA:22,0
DA:23,0
DA:26,0
DA:27,0
DA:28,0
DA:29,0
DA:30,0
DA:32,0
DA:36,0
DA:37,0
DA:58,0
DA:70,0
DA:91,0
LF:26
LH:0
BRDA:19,0,0,0
BRDA:19,0,1,0
BRDA:48,1,0,0
BRDA:48,1,1,0
BRDA:49,2,0,0
BRDA:49,2,1,0
BRDA:50,3,0,0
BRDA:50,3,1,0
BRDA:56,4,0,0
BRDA:56,4,1,0
BRF:10
BRH:0
end_of_record
TN:
SF:app/admin/debug-auth/page.tsx
FN:5,DebugAuthPage
FN:10,(anonymous_2)
FN:12,(anonymous_3)
FN:16,(anonymous_4)
FN:28,(anonymous_5)
FN:52,(anonymous_6)
FN:77,(anonymous_7)
FN:174,(anonymous_8)
FN:180,(anonymous_9)
FNF:9
FNH:0
FNDA:0,DebugAuthPage
FNDA:0,(anonymous_2)
FNDA:0,(anonymous_3)
FNDA:0,(anonymous_4)
FNDA:0,(anonymous_5)
FNDA:0,(anonymous_6)
FNDA:0,(anonymous_7)
FNDA:0,(anonymous_8)
FNDA:0,(anonymous_9)
DA:3,0
DA:5,0
DA:6,0
DA:7,0
DA:8,0
DA:10,0
DA:11,0
DA:12,0
DA:13,0
DA:16,0
DA:17,0
DA:20,0
DA:21,0
DA:22,0
DA:25,0
DA:28,0
DA:29,0
DA:30,0
DA:31,0
DA:39,0
DA:41,0
DA:42,0
DA:43,0
DA:46,0
DA:47,0
DA:48,0
DA:52,0
DA:53,0
DA:54,0
DA:55,0
DA:67,0
DA:68,0
DA:69,0
DA:72,0
DA:73,0
DA:74,0
DA:77,0
DA:78,0
DA:82,0
DA:175,0
DA:180,0
LF:41
LH:0
BRDA:46,0,0,0
BRDA:46,0,1,0
BRDA:141,1,0,0
BRDA:141,1,1,0
BRF:4
BRH:0
end_of_record
TN:
SF:app/admin/debug-login/page.tsx
FN:5,DebugLoginPage
FN:12,(anonymous_2)
FN:14,(anonymous_3)
FN:18,(anonymous_4)
FN:44,(anonymous_5)
FN:50,(anonymous_6)
FN:51,(anonymous_7)
FN:52,(anonymous_8)
FN:53,(anonymous_9)
FN:54,(anonymous_10)
FN:55,(anonymous_11)
FN:67,(anonymous_12)
FN:74,(anonymous_13)
FN:87,(anonymous_14)
FN:92,(anonymous_15)
FN:97,(anonymous_16)
FN:110,(anonymous_17)
FN:118,(anonymous_18)
FN:261,(anonymous_19)
FN:267,(anonymous_20)
FNF:20
FNH:0
FNDA:0,DebugLoginPage
FNDA:0,(anonymous_2)
FNDA:0,(anonymous_3)
FNDA:0,(anonymous_4)
FNDA:0,(anonymous_5)
FNDA:0,(anonymous_6)
FNDA:0,(anonymous_7)
FNDA:0,(anonymous_8)
FNDA:0,(anonymous_9)
FNDA:0,(anonymous_10)
FNDA:0,(anonymous_11)
FNDA:0,(anonymous_12)
FNDA:0,(anonymous_13)
FNDA:0,(anonymous_14)
FNDA:0,(anonymous_15)
FNDA:0,(anonymous_16)
FNDA:0,(anonymous_17)
FNDA:0,(anonymous_18)
FNDA:0,(anonymous_19)
FNDA:0,(anonymous_20)
DA:3,0
DA:5,0
DA:6,0
DA:7,0
DA:8,0
DA:9,0
DA:10,0
DA:12,0
DA:13,0
DA:14,0
DA:15,0
DA:18,0
DA:19,0
DA:22,0
DA:23,0
DA:26,0
DA:27,0
DA:28,0
DA:29,0
DA:30,0
DA:31,0
DA:32,0
DA:33,0
DA:34,0
DA:35,0
DA:36,0
DA:37,0
DA:38,0
DA:41,0
DA:42,0
DA:43,0
DA:44,0
DA:45,0
DA:50,0
DA:51,0
DA:52,0
DA:53,0
DA:54,0
DA:55,0
DA:57,0
DA:58,0
DA:59,0
DA:60,0
DA:61,0
DA:62,0
DA:63,0
DA:67,0
DA:68,0
DA:69,0
DA:72,0
DA:74,0
DA:75,0
DA:76,0
DA:77,0
DA:78,0
DA:79,0
DA:80,0
DA:81,0
DA:83,0
DA:87,0
DA:88,0
DA:89,0
DA:92,0
DA:93,0
DA:94,0
DA:97,0
DA:98,0
DA:99,0
DA:100,0
DA:101,0
DA:104,0
DA:105,0
DA:106,0
DA:110,0
DA:111,0
DA:112,0
DA:113,0
DA:114,0
DA:118,0
DA:119,0
DA:120,0
DA:121,0
DA:122,0
DA:123,0
DA:262,0
DA:267,0
LF:86
LH:0
BRDA:22,0,0,0
BRDA:22,0,1,0
BRDA:57,1,0,0
BRDA:57,1,1,0
BRDA:68,2,0,0
BRDA:68,2,1,0
BRDA:75,3,0,0
BRDA:75,3,1,0
BRDA:98,4,0,0
BRDA:98,4,1,0
BRDA:111,5,0,0
BRDA:111,5,1,0
BRDA:119,6,0,0
BRDA:119,6,1,0
BRF:14
BRH:0
end_of_record
TN:
SF:app/admin/docs/page.tsx
FN:15,AdminDocsPage
FN:22,(anonymous_5)
FN:31,(anonymous_6)
FN:66,(anonymous_7)
FN:70,(anonymous_8)
FN:94,(anonymous_9)
FN:155,(anonymous_10)
FN:162,(anonymous_11)
FN:252,RedocViewer
FN:253,(anonymous_13)
FN:255,(anonymous_14)
FN:255,(anonymous_15)
FN:262,(anonymous_16)
FN:262,(anonymous_17)
FN:289,(anonymous_18)
FN:308,(anonymous_19)
FNF:16
FNH:0
FNDA:0,AdminDocsPage
FNDA:0,(anonymous_5)
FNDA:0,(anonymous_6)
FNDA:0,(anonymous_7)
FNDA:0,(anonymous_8)
FNDA:0,(anonymous_9)
FNDA:0,(anonymous_10)
FNDA:0,(anonymous_11)
FNDA:0,RedocViewer
FNDA:0,(anonymous_13)
FNDA:0,(anonymous_14)
FNDA:0,(anonymous_15)
FNDA:0,(anonymous_16)
FNDA:0,(anonymous_17)
FNDA:0,(anonymous_18)
FNDA:0,(anonymous_19)
DA:3,0
DA:4,0
DA:5,0
DA:6,0
DA:7,0
DA:15,0
DA:16,0
DA:17,0
DA:18,0
DA:19,0
DA:20,0
DA:22,0
DA:24,0
DA:25,0
DA:28,0
DA:31,0
DA:32,0
DA:33,0
DA:34,0
DA:35,0
DA:38,0
DA:39,0
DA:40,0
DA:42,0
DA:49,0
DA:50,0
DA:51,0
DA:53,0
DA:56,0
DA:57,0
DA:59,0
DA:60,0
DA:62,0
DA:66,0
DA:67,0
DA:68,0
DA:69,0
DA:70,0
DA:72,0
DA:76,0
DA:94,0
DA:95,0
DA:98,0
DA:111,0
DA:156,0
DA:162,0
DA:253,0
DA:255,0
DA:256,0
DA:257,0
DA:258,0
DA:260,0
DA:262,0
DA:263,0
DA:266,0
DA:290,0
DA:291,0
DA:299,0
DA:300,0
DA:309,0
DA:310,0
DA:311,0
DA:312,0
LF:63
LH:0
BRDA:24,0,0,0
BRDA:24,0,1,0
BRDA:32,1,0,0
BRDA:32,1,1,0
BRDA:49,2,0,0
BRDA:49,2,1,0
BRDA:50,3,0,0
BRDA:50,3,1,0
BRDA:60,4,0,0
BRDA:60,4,1,0
BRDA:80,5,0,0
BRDA:80,5,1,0
BRDA:85,6,0,0
BRDA:85,6,1,0
BRDA:90,7,0,0
BRDA:90,7,1,0
BRDA:98,8,0,0
BRDA:98,8,1,0
BRDA:111,9,0,0
BRDA:111,9,1,0
BRDA:166,10,0,0
BRDA:180,11,0,0
BRDA:242,12,0,0
BRDA:257,13,0,0
BRDA:257,13,1,0
BRDA:257,14,0,0
BRDA:257,14,1,0
BRDA:311,15,0,0
BRDA:311,15,1,0
BRF:29
BRH:0
end_of_record
TN:
SF:app/admin/emergency/page.tsx
FN:1,EmergencyAdminPage
FNF:1
FNH:0
FNDA:0,EmergencyAdminPage
DA:1,0
LF:1
LH:0
BRF:0
BRH:0
end_of_record
TN:
SF:app/admin/filtering/page.tsx
FN:34,FilteringPage
FN:40,(anonymous_2)
FN:56,(anonymous_3)
FN:60,(anonymous_4)
FN:132,(anonymous_5)
FN:135,(anonymous_6)
FNF:6
FNH:0
FNDA:0,FilteringPage
FNDA:0,(anonymous_2)
FNDA:0,(anonymous_3)
FNDA:0,(anonymous_4)
FNDA:0,(anonymous_5)
FNDA:0,(anonymous_6)
DA:3,0
DA:4,0
DA:5,0
DA:6,0
DA:34,0
DA:35,0
DA:36,0
DA:37,0
DA:38,0
DA:40,0
DA:41,0
DA:42,0
DA:43,0
DA:44,0
DA:46,0
DA:47,0
DA:48,0
DA:50,0
DA:52,0
DA:56,0
DA:57,0
DA:60,0
DA:61,0
DA:62,0
DA:70,0
DA:71,0
DA:74,0
DA:76,0
DA:80,0
DA:94,0
DA:111,0
DA:133,0
DA:135,0
LF:33
LH:0
BRDA:43,0,0,0
BRDA:43,0,1,0
BRDA:50,1,0,0
BRDA:50,1,1,0
BRDA:70,2,0,0
BRDA:70,2,1,0
BRDA:76,3,0,0
BRDA:76,3,1,0
BRDA:80,4,0,0
BRDA:80,4,1,0
BRDA:94,5,0,0
BRDA:94,5,1,0
BRDA:111,6,0,0
BRDA:111,6,1,0
BRDA:137,7,0,0
BRDA:137,7,1,0
BRDA:151,8,0,0
BRDA:158,9,0,0
BRDA:165,10,0,0
BRF:19
BRH:0
end_of_record
TN:
SF:app/admin/history/page.tsx
FN:3,HistoryPage
FNF:1
FNH:0
FNDA:0,HistoryPage
DA:1,0
DA:3,0
DA:4,0
LF:3
LH:0
BRF:0
BRH:0
end_of_record
TN:
SF:app/admin/login/layout.tsx
FN:9,LoginLayout
FNF:1
FNH:0
FNDA:0,LoginLayout
DA:3,0
DA:9,0
LF:2
LH:0
BRF:0
BRH:0
end_of_record
TN:
SF:app/admin/login/page.tsx
FN:4,LoginLoadingFallback
FN:12,LoginPage
FNF:2
FNH:0
FNDA:0,LoginLoadingFallback
FNDA:0,LoginPage
DA:1,0
DA:2,0
DA:12,0
DA:20,0
LF:4
LH:0
BRF:0
BRH:0
end_of_record
TN:
SF:app/admin/monitoring/page.tsx
FN:34,MonitoringPage
FN:68,(anonymous_2)
FN:71,(anonymous_3)
FN:87,(anonymous_6)
FN:170,(anonymous_7)
FN:173,(anonymous_8)
FN:224,(anonymous_9)
FN:276,(anonymous_10)
FN:306,(anonymous_11)
FNF:9
FNH:0
FNDA:0,MonitoringPage
FNDA:0,(anonymous_2)
FNDA:0,(anonymous_3)
FNDA:0,(anonymous_6)
FNDA:0,(anonymous_7)
FNDA:0,(anonymous_8)
FNDA:0,(anonymous_9)
FNDA:0,(anonymous_10)
FNDA:0,(anonymous_11)
DA:3,0
DA:4,0
DA:34,0
DA:35,0
DA:36,0
DA:37,0
DA:40,0
DA:68,0
DA:69,0
DA:71,0
DA:72,0
DA:73,0
DA:87,0
DA:88,0
DA:89,0
DA:90,0
DA:171,0
DA:173,0
DA:225,0
DA:277,0
DA:307,0
LF:21
LH:0
BRDA:88,0,0,0
BRDA:88,0,1,0
BRDA:89,1,0,0
BRDA:89,1,1,0
BRDA:111,2,0,0
BRDA:155,3,0,0
BRDA:155,3,1,0
BRDA:174,4,0,0
BRDA:174,4,1,0
BRDA:183,5,0,0
BRDA:239,6,0,0
BRDA:297,7,0,0
BRDA:314,8,0,0
BRDA:314,8,1,0
BRDA:314,9,0,0
BRDA:314,9,1,0
BRDA:334,10,0,0
BRDA:334,10,1,0
BRDA:340,11,0,0
BRDA:340,11,1,0
BRDA:340,12,0,0
BRDA:340,12,1,0
BRDA:351,13,0,0
BRDA:360,14,0,0
BRF:24
BRH:0
end_of_record
TN:
SF:app/admin/posted/page.tsx
FN:31,PostedContentPage
FN:42,(anonymous_2)
FN:78,(anonymous_3)
FN:110,(anonymous_4)
FN:114,(anonymous_5)
FN:116,(anonymous_6)
FN:120,(anonymous_7)
FN:152,(anonymous_8)
FN:152,(anonymous_9)
FN:165,(anonymous_10)
FN:175,(anonymous_11)
FN:193,(anonymous_12)
FN:231,(anonymous_13)
FN:307,(anonymous_14)
FN:324,(anonymous_15)
FNF:15
FNH:0
FNDA:0,PostedContentPage
FNDA:0,(anonymous_2)
FNDA:0,(anonymous_3)
FNDA:0,(anonymous_4)
FNDA:0,(anonymous_5)
FNDA:0,(anonymous_6)
FNDA:0,(anonymous_7)
FNDA:0,(anonymous_8)
FNDA:0,(anonymous_9)
FNDA:0,(anonymous_10)
FNDA:0,(anonymous_11)
FNDA:0,(anonymous_12)
FNDA:0,(anonymous_13)
FNDA:0,(anonymous_14)
FNDA:0,(anonymous_15)
DA:3,0
DA:4,0
DA:31,0
DA:32,0
DA:33,0
DA:34,0
DA:35,0
DA:36,0
DA:37,0
DA:38,0
DA:40,0
DA:42,0
DA:43,0
DA:44,0
DA:47,0
DA:48,0
DA:54,0
DA:55,0
DA:58,0
DA:71,0
DA:72,0
DA:73,0
DA:75,0
DA:76,0
DA:78,0
DA:81,0
DA:84,0
DA:85,0
DA:86,0
DA:87,0
DA:89,0
DA:92,0
DA:96,0
DA:97,0
DA:98,0
DA:102,0
DA:103,0
DA:104,0
DA:106,0
DA:110,0
DA:111,0
DA:114,0
DA:115,0
DA:116,0
DA:120,0
DA:121,0
DA:122,0
DA:125,0
DA:126,0
DA:127,0
DA:128,0
DA:133,0
DA:134,0
DA:137,0
DA:143,0
DA:144,0
DA:145,0
DA:148,0
DA:149,0
DA:152,0
DA:155,0
DA:158,0
DA:159,0
DA:161,0
DA:165,0
DA:166,0
DA:175,0
DA:176,0
DA:177,0
DA:178,0
DA:179,0
DA:180,0
DA:181,0
DA:182,0
DA:183,0
DA:184,0
DA:185,0
DA:186,0
DA:187,0
DA:188,0
DA:189,0
DA:193,0
DA:194,0
DA:195,0
DA:196,0
DA:197,0
DA:198,0
DA:199,0
DA:200,0
DA:204,0
DA:231,0
DA:308,0
DA:324,0
LF:93
LH:0
BRDA:47,0,0,0
BRDA:47,0,1,0
BRDA:54,1,0,0
BRDA:54,1,1,0
BRDA:64,2,0,0
BRDA:64,2,1,0
BRDA:71,3,0,0
BRDA:71,3,1,0
BRDA:71,4,0,0
BRDA:71,4,1,0
BRDA:73,5,0,0
BRDA:73,5,1,0
BRDA:75,6,0,0
BRDA:75,6,1,0
BRDA:84,7,0,0
BRDA:84,7,1,0
BRDA:87,8,0,0
BRDA:87,8,1,0
BRDA:96,9,0,0
BRDA:96,9,1,0
BRDA:96,10,0,0
BRDA:96,10,1,0
BRDA:96,10,2,0
BRDA:102,11,0,0
BRDA:102,11,1,0
BRDA:115,12,0,0
BRDA:115,12,1,0
BRDA:115,13,0,0
BRDA:115,13,1,0
BRDA:121,14,0,0
BRDA:121,14,1,0
BRDA:127,15,0,0
BRDA:127,15,1,0
BRDA:133,16,0,0
BRDA:133,16,1,0
BRDA:143,17,0,0
BRDA:143,17,1,0
BRDA:145,18,0,0
BRDA:145,18,1,0
BRDA:159,19,0,0
BRDA:159,19,1,0
BRDA:176,20,0,0
BRDA:176,20,1,0
BRDA:176,20,2,0
BRDA:176,20,3,0
BRDA:176,20,4,0
BRDA:176,20,5,0
BRDA:176,20,6,0
BRDA:176,20,7,0
BRDA:176,20,8,0
BRDA:176,20,9,0
BRDA:176,20,10,0
BRDA:176,20,11,0
BRDA:176,20,12,0
BRDA:194,21,0,0
BRDA:194,21,1,0
BRDA:194,21,2,0
BRDA:194,21,3,0
BRDA:194,21,4,0
BRDA:194,21,5,0
BRDA:204,22,0,0
BRDA:204,22,1,0
BRDA:204,23,0,0
BRDA:204,23,1,0
BRDA:238,24,0,0
BRDA:244,25,0,0
BRDA:249,26,0,0
BRDA:261,27,0,0
BRDA:283,28,0,0
BRDA:283,28,1,0
BRDA:300,29,0,0
BRDA:329,30,0,0
BRDA:329,30,1,0
BRDA:330,31,0,0
BRDA:330,31,1,0
BRDA:336,32,0,0
BRDA:340,33,0,0
BRDA:344,34,0,0
BRDA:363,35,0,0
BRDA:388,36,0,0
BRDA:421,37,0,0
BRDA:421,37,1,0
BRDA:428,38,0,0
BRDA:428,38,1,0
BRDA:433,39,0,0
BRDA:433,39,1,0
BRF:86
BRH:0
end_of_record
TN:
SF:app/admin/posting/page.tsx
FN:5,PostingPage
FNF:1
FNH:0
FNDA:0,PostingPage
DA:3,0
DA:5,0
LF:2
LH:0
BRF:0
BRH:0
end_of_record
TN:
SF:app/admin/queue/page.tsx
FN:3,QueuePage
FNF:1
FNH:0
FNDA:0,QueuePage
DA:1,0
DA:3,0
DA:4,0
LF:3
LH:0
BRF:0
BRH:0
end_of_record
TN:
SF:app/admin/queue/analytics/page.tsx
FN:33,QueueAnalyticsPage
FN:41,(anonymous_6)
FN:45,(anonymous_7)
FN:80,(anonymous_8)
FN:90,(anonymous_9)
FN:165,(anonymous_10)
FN:239,(anonymous_11)
FN:274,(anonymous_12)
FN:276,(anonymous_13)
FN:305,(anonymous_14)
FN:328,(anonymous_15)
FN:356,(anonymous_16)
FNF:12
FNH:0
FNDA:0,QueueAnalyticsPage
FNDA:0,(anonymous_6)
FNDA:0,(anonymous_7)
FNDA:0,(anonymous_8)
FNDA:0,(anonymous_9)
FNDA:0,(anonymous_10)
FNDA:0,(anonymous_11)
FNDA:0,(anonymous_12)
FNDA:0,(anonymous_13)
FNDA:0,(anonymous_14)
FNDA:0,(anonymous_15)
FNDA:0,(anonymous_16)
DA:3,0
DA:4,0
DA:33,0
DA:34,0
DA:35,0
DA:36,0
DA:37,0
DA:38,0
DA:39,0
DA:41,0
DA:42,0
DA:45,0
DA:46,0
DA:47,0
DA:50,0
DA:51,0
DA:52,0
DA:53,0
DA:56,0
DA:57,0
DA:58,0
DA:59,0
DA:62,0
DA:63,0
DA:64,0
DA:65,0
DA:68,0
DA:69,0
DA:70,0
DA:71,0
DA:74,0
DA:76,0
DA:80,0
DA:81,0
DA:82,0
DA:83,0
DA:84,0
DA:85,0
DA:86,0
DA:90,0
DA:91,0
DA:92,0
DA:93,0
DA:94,0
DA:95,0
DA:96,0
DA:100,0
DA:111,0
DA:166,0
DA:240,0
DA:274,0
DA:277,0
DA:306,0
DA:329,0
DA:356,0
LF:55
LH:0
BRDA:51,0,0,0
BRDA:51,0,1,0
BRDA:57,1,0,0
BRDA:57,1,1,0
BRDA:63,2,0,0
BRDA:63,2,1,0
BRDA:69,3,0,0
BRDA:69,3,1,0
BRDA:74,4,0,0
BRDA:74,4,1,0
BRDA:81,5,0,0
BRDA:81,5,1,0
BRDA:81,5,2,0
BRDA:81,5,3,0
BRDA:81,5,4,0
BRDA:91,6,0,0
BRDA:91,6,1,0
BRDA:91,6,2,0
BRDA:91,6,3,0
BRDA:91,6,4,0
BRDA:100,7,0,0
BRDA:100,7,1,0
BRDA:111,8,0,0
BRDA:111,8,1,0
BRDA:153,9,0,0
BRDA:154,10,0,0
BRDA:154,10,1,0
BRDA:156,11,0,0
BRDA:156,11,1,0
BRDA:157,12,0,0
BRDA:157,12,1,0
BRDA:160,13,0,0
BRDA:160,13,1,0
BRDA:161,14,0,0
BRDA:161,14,1,0
BRDA:163,15,0,0
BRDA:179,16,0,0
BRDA:208,17,0,0
BRDA:208,17,1,0
BRDA:209,18,0,0
BRDA:209,18,1,0
BRDA:212,19,0,0
BRDA:212,19,1,0
BRDA:212,20,0,0
BRDA:212,20,1,0
BRDA:225,21,0,0
BRDA:225,21,1,0
BRDA:235,22,0,0
BRDA:269,23,0,0
BRDA:283,24,0,0
BRDA:283,24,1,0
BRDA:287,25,0,0
BRDA:287,25,1,0
BRDA:329,26,0,0
BRDA:329,26,1,0
BRDA:335,27,0,0
BRDA:335,27,1,0
BRDA:336,28,0,0
BRDA:336,28,1,0
BRDA:338,29,0,0
BRF:60
BRH:0
end_of_record
TN:
SF:app/admin/reddit/page.tsx
FN:20,RedditSettingsPage
FN:32,(anonymous_2)
FN:50,(anonymous_3)
FN:54,(anonymous_4)
FN:66,(anonymous_5)
FN:78,(anonymous_6)
FN:90,(anonymous_7)
FN:102,(anonymous_8)
FN:127,(anonymous_9)
FN:146,(anonymous_10)
FN:168,(anonymous_11)
FN:173,(anonymous_12)
FN:184,(anonymous_13)
FN:188,(anonymous_14)
FN:219,(anonymous_15)
FN:274,(anonymous_16)
FN:277,(anonymous_17)
FN:303,(anonymous_18)
FN:317,(anonymous_19)
FN:331,(anonymous_20)
FN:344,(anonymous_21)
FN:355,(anonymous_22)
FN:371,(anonymous_23)
FN:401,(anonymous_24)
FN:405,(anonymous_25)
FN:525,(anonymous_26)
FNF:26
FNH:0
FNDA:0,RedditSettingsPage
FNDA:0,(anonymous_2)
FNDA:0,(anonymous_3)
FNDA:0,(anonymous_4)
FNDA:0,(anonymous_5)
FNDA:0,(anonymous_6)
FNDA:0,(anonymous_7)
FNDA:0,(anonymous_8)
FNDA:0,(anonymous_9)
FNDA:0,(anonymous_10)
FNDA:0,(anonymous_11)
FNDA:0,(anonymous_12)
FNDA:0,(anonymous_13)
FNDA:0,(anonymous_14)
FNDA:0,(anonymous_15)
FNDA:0,(anonymous_16)
FNDA:0,(anonymous_17)
FNDA:0,(anonymous_18)
FNDA:0,(anonymous_19)
FNDA:0,(anonymous_20)
FNDA:0,(anonymous_21)
FNDA:0,(anonymous_22)
FNDA:0,(anonymous_23)
FNDA:0,(anonymous_24)
FNDA:0,(anonymous_25)
FNDA:0,(anonymous_26)
DA:3,0
DA:6,0
DA:20,0
DA:21,0
DA:22,0
DA:23,0
DA:24,0
DA:25,0
DA:26,0
DA:27,0
DA:28,0
DA:29,0
DA:30,0
DA:32,0
DA:33,0
DA:34,0
DA:35,0
DA:42,0
DA:43,0
DA:45,0
DA:50,0
DA:51,0
DA:54,0
DA:55,0
DA:56,0
DA:57,0
DA:58,0
DA:59,0
DA:62,0
DA:66,0
DA:67,0
DA:68,0
DA:69,0
DA:70,0
DA:71,0
DA:74,0
DA:78,0
DA:79,0
DA:80,0
DA:81,0
DA:82,0
DA:83,0
DA:86,0
DA:90,0
DA:91,0
DA:92,0
DA:93,0
DA:94,0
DA:95,0
DA:98,0
DA:102,0
DA:103,0
DA:105,0
DA:106,0
DA:107,0
DA:113,0
DA:114,0
DA:115,0
DA:116,0
DA:118,0
DA:121,0
DA:123,0
DA:127,0
DA:128,0
DA:129,0
DA:130,0
DA:131,0
DA:133,0
DA:134,0
DA:135,0
DA:137,0
DA:140,0
DA:142,0
DA:146,0
DA:147,0
DA:148,0
DA:149,0
DA:154,0
DA:155,0
DA:156,0
DA:157,0
DA:159,0
DA:162,0
DA:164,0
DA:168,0
DA:169,0
DA:170,0
DA:173,0
DA:174,0
DA:175,0
DA:176,0
DA:177,0
DA:184,0
DA:185,0
DA:186,0
DA:188,0
DA:192,0
DA:219,0
DA:275,0
DA:277,0
DA:303,0
DA:317,0
DA:331,0
DA:344,0
DA:355,0
DA:371,0
DA:402,0
DA:405,0
DA:526,0
LF:109
LH:0
BRDA:58,0,0,0
BRDA:58,0,1,0
BRDA:58,1,0,0
BRDA:58,1,1,0
BRDA:70,2,0,0
BRDA:70,2,1,0
BRDA:70,3,0,0
BRDA:70,3,1,0
BRDA:82,4,0,0
BRDA:82,4,1,0
BRDA:82,5,0,0
BRDA:82,5,1,0
BRDA:94,6,0,0
BRDA:94,6,1,0
BRDA:94,7,0,0
BRDA:94,7,1,0
BRDA:103,8,0,0
BRDA:103,8,1,0
BRDA:114,9,0,0
BRDA:114,9,1,0
BRDA:118,10,0,0
BRDA:118,10,1,0
BRDA:133,11,0,0
BRDA:133,11,1,0
BRDA:137,12,0,0
BRDA:137,12,1,0
BRDA:155,13,0,0
BRDA:155,13,1,0
BRDA:159,14,0,0
BRDA:159,14,1,0
BRDA:169,15,0,0
BRDA:169,15,1,0
BRDA:174,16,0,0
BRDA:174,16,1,0
BRDA:176,17,0,0
BRDA:176,17,1,0
BRDA:176,18,0,0
BRDA:176,18,1,0
BRDA:176,19,0,0
BRDA:176,19,1,0
BRDA:179,20,0,0
BRDA:179,20,1,0
BRDA:185,21,0,0
BRDA:185,21,1,0
BRDA:188,22,0,0
BRDA:188,22,1,0
BRDA:192,23,0,0
BRDA:192,23,1,0
BRDA:212,24,0,0
BRDA:213,25,0,0
BRDA:213,25,1,0
BRDA:215,26,0,0
BRDA:215,26,1,0
BRDA:237,27,0,0
BRDA:237,27,1,0
BRDA:239,28,0,0
BRDA:239,28,1,0
BRDA:240,29,0,0
BRDA:240,29,1,0
BRDA:243,30,0,0
BRDA:254,31,0,0
BRDA:254,31,1,0
BRDA:278,32,0,0
BRDA:278,32,1,0
BRDA:287,33,0,0
BRDA:287,33,1,0
BRDA:401,34,0,0
BRDA:401,34,1,0
BRDA:420,35,0,0
BRDA:420,35,1,0
BRDA:423,36,0,0
BRDA:423,36,1,0
BRDA:438,37,0,0
BRDA:438,37,1,0
BRDA:451,38,0,0
BRDA:451,38,1,0
BRDA:491,39,0,0
BRDA:491,39,1,0
BRDA:498,40,0,0
BRDA:498,40,1,0
BRDA:506,41,0,0
BRDA:513,42,0,0
BRF:82
BRH:0
end_of_record
TN:
SF:app/admin/review/page.tsx
FN:24,ReviewPage
FN:35,(anonymous_2)
FN:39,(anonymous_3)
FN:46,(anonymous_4)
FN:58,(anonymous_5)
FN:74,(anonymous_6)
FN:81,(anonymous_7)
FN:81,(anonymous_8)
FN:93,(anonymous_9)
FN:95,(anonymous_10)
FN:101,(anonymous_11)
FN:103,(anonymous_12)
FN:109,(anonymous_13)
FN:115,(anonymous_14)
FN:121,(anonymous_15)
FN:131,(anonymous_16)
FN:140,(anonymous_17)
FN:339,(anonymous_18)
FN:345,(anonymous_19)
FNF:19
FNH:0
FNDA:0,ReviewPage
FNDA:0,(anonymous_2)
FNDA:0,(anonymous_3)
FNDA:0,(anonymous_4)
FNDA:0,(anonymous_5)
FNDA:0,(anonymous_6)
FNDA:0,(anonymous_7)
FNDA:0,(anonymous_8)
FNDA:0,(anonymous_9)
FNDA:0,(anonymous_10)
FNDA:0,(anonymous_11)
FNDA:0,(anonymous_12)
FNDA:0,(anonymous_13)
FNDA:0,(anonymous_14)
FNDA:0,(anonymous_15)
FNDA:0,(anonymous_16)
FNDA:0,(anonymous_17)
FNDA:0,(anonymous_18)
FNDA:0,(anonymous_19)
DA:3,0
DA:24,0
DA:25,0
DA:26,0
DA:27,0
DA:28,0
DA:35,0
DA:36,0
DA:39,0
DA:40,0
DA:41,0
DA:42,0
DA:43,0
DA:44,0
DA:45,0
DA:46,0
DA:52,0
DA:54,0
DA:58,0
DA:59,0
DA:60,0
DA:72,0
DA:74,0
DA:81,0
DA:84,0
DA:85,0
DA:89,0
DA:93,0
DA:94,0
DA:95,0
DA:96,0
DA:98,0
DA:101,0
DA:102,0
DA:103,0
DA:104,0
DA:106,0
DA:109,0
DA:110,0
DA:111,0
DA:115,0
DA:116,0
DA:117,0
DA:121,0
DA:122,0
DA:123,0
DA:124,0
DA:125,0
DA:126,0
DA:127,0
DA:131,0
DA:132,0
DA:133,0
DA:134,0
DA:135,0
DA:136,0
DA:140,0
DA:141,0
DA:142,0
DA:143,0
DA:144,0
DA:147,0
DA:158,0
DA:180,0
DA:339,0
DA:345,0
LF:66
LH:0
BRDA:43,0,0,0
BRDA:43,0,1,0
BRDA:45,1,0,0
BRDA:45,1,1,0
BRDA:48,2,0,0
BRDA:48,2,1,0
BRDA:68,3,0,0
BRDA:68,3,1,0
BRDA:68,4,0,0
BRDA:68,4,1,0
BRDA:72,5,0,0
BRDA:72,5,1,0
BRDA:84,6,0,0
BRDA:84,6,1,0
BRDA:110,7,0,0
BRDA:110,7,1,0
BRDA:116,8,0,0
BRDA:116,8,1,0
BRDA:122,9,0,0
BRDA:122,9,1,0
BRDA:122,9,2,0
BRDA:122,9,3,0
BRDA:122,9,4,0
BRDA:132,10,0,0
BRDA:132,10,1,0
BRDA:132,10,2,0
BRDA:132,10,3,0
BRDA:141,11,0,0
BRDA:141,11,1,0
BRDA:142,12,0,0
BRDA:142,12,1,0
BRDA:143,13,0,0
BRDA:143,13,1,0
BRDA:147,14,0,0
BRDA:147,14,1,0
BRDA:158,15,0,0
BRDA:158,15,1,0
BRDA:226,16,0,0
BRDA:226,16,1,0
BRDA:237,17,0,0
BRDA:253,18,0,0
BRDA:253,18,1,0
BRDA:262,19,0,0
BRDA:262,19,1,0
BRDA:286,20,0,0
BRDA:286,20,1,0
BRDA:286,20,2,0
BRDA:290,21,0,0
BRDA:293,22,0,0
BRDA:296,23,0,0
BRDA:299,24,0,0
BRF:51
BRH:0
end_of_record
TN:
SF:app/admin/schedule/page.tsx
FN:44,SchedulePage
FN:50,(anonymous_3)
FN:66,(anonymous_4)
FN:69,(anonymous_5)
FN:72,(anonymous_6)
FN:92,(anonymous_7)
FN:102,(anonymous_8)
FN:122,(anonymous_9)
FN:220,(anonymous_10)
FN:236,(anonymous_11)
FN:249,(anonymous_12)
FN:278,(anonymous_13)
FN:378,(anonymous_14)
FNF:13
FNH:0
FNDA:0,SchedulePage
FNDA:0,(anonymous_3)
FNDA:0,(anonymous_4)
FNDA:0,(anonymous_5)
FNDA:0,(anonymous_6)
FNDA:0,(anonymous_7)
FNDA:0,(anonymous_8)
FNDA:0,(anonymous_9)
FNDA:0,(anonymous_10)
FNDA:0,(anonymous_11)
FNDA:0,(anonymous_12)
FNDA:0,(anonymous_13)
FNDA:0,(anonymous_14)
DA:3,0
DA:4,0
DA:5,0
DA:44,0
DA:45,0
DA:46,0
DA:47,0
DA:48,0
DA:50,0
DA:51,0
DA:52,0
DA:53,0
DA:54,0
DA:56,0
DA:57,0
DA:58,0
DA:60,0
DA:62,0
DA:66,0
DA:67,0
DA:68,0
DA:69,0
DA:72,0
DA:73,0
DA:74,0
DA:82,0
DA:83,0
DA:86,0
DA:88,0
DA:92,0
DA:93,0
DA:95,0
DA:96,0
DA:98,0
DA:102,0
DA:103,0
DA:104,0
DA:112,0
DA:113,0
DA:116,0
DA:118,0
DA:122,0
DA:123,0
DA:124,0
DA:126,0
DA:127,0
DA:129,0
DA:132,0
DA:143,0
DA:157,0
DA:220,0
DA:236,0
DA:250,0
DA:278,0
DA:378,0
LF:55
LH:0
BRDA:53,0,0,0
BRDA:53,0,1,0
BRDA:60,1,0,0
BRDA:60,1,1,0
BRDA:82,2,0,0
BRDA:82,2,1,0
BRDA:88,3,0,0
BRDA:88,3,1,0
BRDA:98,4,0,0
BRDA:98,4,1,0
BRDA:112,5,0,0
BRDA:112,5,1,0
BRDA:118,6,0,0
BRDA:118,6,1,0
BRDA:126,7,0,0
BRDA:126,7,1,0
BRDA:132,8,0,0
BRDA:132,8,1,0
BRDA:143,9,0,0
BRDA:143,9,1,0
BRDA:157,10,0,0
BRDA:157,10,1,0
BRDA:183,11,0,0
BRDA:225,12,0,0
BRDA:225,12,1,0
BRDA:227,13,0,0
BRDA:227,13,1,0
BRDA:253,14,0,0
BRDA:253,14,1,0
BRDA:254,15,0,0
BRDA:254,15,1,0
BRDA:259,16,0,0
BRDA:259,16,1,0
BRDA:260,17,0,0
BRDA:260,17,1,0
BRDA:262,18,0,0
BRDA:262,18,1,0
BRDA:263,19,0,0
BRDA:263,19,1,0
BRDA:279,20,0,0
BRDA:279,20,1,0
BRDA:281,21,0,0
BRDA:281,21,1,0
BRDA:309,22,0,0
BRDA:309,22,1,0
BRDA:310,23,0,0
BRDA:310,23,1,0
BRF:47
BRH:0
end_of_record
TN:
SF:app/admin/settings/page.tsx
FN:3,SettingsPage
FNF:1
FNH:0
FNDA:0,SettingsPage
DA:1,0
DA:3,0
LF:2
LH:0
BRF:0
BRH:0
end_of_record
TN:
SF:app/admin/simple-login/page.tsx
FN:5,SimpleAdminLogin
FN:11,(anonymous_2)
FN:110,(anonymous_3)
FN:143,(anonymous_4)
FNF:4
FNH:0
FNDA:0,SimpleAdminLogin
FNDA:0,(anonymous_2)
FNDA:0,(anonymous_3)
FNDA:0,(anonymous_4)
DA:3,0
DA:5,0
DA:6,0
DA:7,0
DA:8,0
DA:9,0
DA:11,0
DA:12,0
DA:13,0
DA:14,0
DA:16,0
DA:17,0
DA:25,0
DA:27,0
DA:29,0
DA:30,0
DA:33,0
DA:35,0
DA:38,0
DA:39,0
DA:41,0
DA:110,0
DA:143,0
LF:23
LH:0
BRDA:27,0,0,0
BRDA:27,0,1,0
BRDA:27,1,0,0
BRDA:27,1,1,0
BRDA:29,2,0,0
BRDA:29,2,1,0
BRDA:35,3,0,0
BRDA:35,3,1,0
BRDA:82,4,0,0
BRDA:175,5,0,0
BRDA:175,5,1,0
BRDA:176,6,0,0
BRDA:176,6,1,0
BRDA:180,7,0,0
BRDA:180,7,1,0
BRF:15
BRH:0
end_of_record
TN:
SF:app/admin/simple-test/page.tsx
FN:5,SimpleTestPage
FN:26,(anonymous_2)
FN:50,(anonymous_3)
FNF:3
FNH:0
FNDA:0,SimpleTestPage
FNDA:0,(anonymous_2)
FNDA:0,(anonymous_3)
DA:3,0
DA:5,0
DA:6,0
DA:26,0
DA:50,0
LF:5
LH:0
BRF:0
BRH:0
end_of_record
TN:
SF:app/admin/social/page.tsx
FN:52,SocialPlatformsPage
FN:59,(anonymous_2)
FN:63,(anonymous_3)
FN:66,(anonymous_4)
FN:118,(anonymous_5)
FN:158,(anonymous_6)
FN:167,(anonymous_7)
FN:275,(anonymous_8)
FNF:8
FNH:0
FNDA:0,SocialPlatformsPage
FNDA:0,(anonymous_2)
FNDA:0,(anonymous_3)
FNDA:0,(anonymous_4)
FNDA:0,(anonymous_5)
FNDA:0,(anonymous_6)
FNDA:0,(anonymous_7)
FNDA:0,(anonymous_8)
DA:3,0
DA:52,0
DA:53,0
DA:54,0
DA:55,0
DA:56,0
DA:57,0
DA:59,0
DA:60,0
DA:62,0
DA:63,0
DA:66,0
DA:67,0
DA:68,0
DA:71,0
DA:80,0
DA:81,0
DA:82,0
DA:86,0
DA:88,0
DA:89,0
DA:90,0
DA:93,0
DA:94,0
DA:95,0
DA:98,0
DA:99,0
DA:100,0
DA:103,0
DA:104,0
DA:105,0
DA:108,0
DA:111,0
DA:112,0
DA:114,0
DA:118,0
DA:119,0
DA:120,0
DA:121,0
DA:123,0
DA:127,0
DA:128,0
DA:131,0
DA:133,0
DA:134,0
DA:136,0
DA:140,0
DA:141,0
DA:143,0
DA:147,0
DA:158,0
DA:159,0
DA:160,0
DA:161,0
DA:162,0
DA:163,0
DA:167,0
DA:168,0
DA:169,0
DA:170,0
DA:171,0
DA:172,0
DA:276,0
LF:63
LH:0
BRDA:80,0,0,0
BRDA:80,0,1,0
BRDA:80,1,0,0
BRDA:80,1,1,0
BRDA:88,2,0,0
BRDA:88,2,1,0
BRDA:88,3,0,0
BRDA:88,3,1,0
BRDA:93,4,0,0
BRDA:93,4,1,0
BRDA:93,5,0,0
BRDA:93,5,1,0
BRDA:98,6,0,0
BRDA:98,6,1,0
BRDA:98,7,0,0
BRDA:98,7,1,0
BRDA:103,8,0,0
BRDA:103,8,1,0
BRDA:103,9,0,0
BRDA:103,9,1,0
BRDA:127,10,0,0
BRDA:127,10,1,0
BRDA:133,11,0,0
BRDA:133,11,1,0
BRDA:136,12,0,0
BRDA:136,12,1,0
BRDA:147,13,0,0
BRDA:147,13,1,0
BRDA:159,14,0,0
BRDA:159,14,1,0
BRDA:159,14,2,0
BRDA:159,14,3,0
BRDA:168,15,0,0
BRDA:168,15,1,0
BRDA:168,15,2,0
BRDA:168,15,3,0
BRDA:200,16,0,0
BRDA:200,16,1,0
BRDA:205,17,0,0
BRDA:213,18,0,0
BRDA:222,19,0,0
BRDA:222,19,1,0
BRDA:228,20,0,0
BRDA:228,20,1,0
BRDA:234,21,0,0
BRDA:234,21,1,0
BRDA:240,22,0,0
BRDA:240,22,1,0
BRDA:249,23,0,0
BRDA:249,23,1,0
BRDA:261,24,0,0
BRDA:261,24,1,0
BRDA:262,25,0,0
BRDA:262,25,1,0
BRDA:262,26,0,0
BRDA:262,26,1,0
BRDA:263,27,0,0
BRDA:263,27,1,0
BRDA:263,28,0,0
BRDA:263,28,1,0
BRDA:273,29,0,0
BRDA:281,30,0,0
BRDA:281,30,1,0
BRDA:282,31,0,0
BRDA:282,31,1,0
BRDA:283,32,0,0
BRDA:283,32,1,0
BRDA:284,33,0,0
BRDA:284,33,1,0
BRDA:289,34,0,0
BRDA:289,34,1,0
BRDA:303,35,0,0
BRDA:303,35,1,0
BRDA:304,36,0,0
BRDA:304,36,1,0
BRDA:309,37,0,0
BRDA:309,37,1,0
BRDA:313,38,0,0
BRDA:313,38,1,0
BRDA:313,39,0,0
BRDA:313,39,1,0
BRDA:314,40,0,0
BRDA:314,40,1,0
BRDA:320,41,0,0
BRDA:320,41,1,0
BRDA:326,42,0,0
BRDA:326,42,1,0
BRDA:329,43,0,0
BRDA:329,43,1,0
BRDA:330,44,0,0
BRDA:330,44,1,0
BRDA:331,45,0,0
BRDA:331,45,1,0
BRDA:332,46,0,0
BRDA:332,46,1,0
BRDA:337,47,0,0
BRDA:337,47,1,0
BRDA:340,48,0,0
BRDA:340,48,1,0
BRDA:341,49,0,0
BRDA:341,49,1,0
BRDA:342,50,0,0
BRDA:342,50,1,0
BRDA:343,51,0,0
BRDA:343,51,1,0
BRDA:348,52,0,0
BRDA:348,52,1,0
BRDA:351,53,0,0
BRDA:351,53,1,0
BRDA:352,54,0,0
BRDA:352,54,1,0
BRDA:353,55,0,0
BRDA:353,55,1,0
BRDA:354,56,0,0
BRDA:354,56,1,0
BRDA:359,57,0,0
BRDA:359,57,1,0
BRDA:362,58,0,0
BRDA:362,58,1,0
BRDA:363,59,0,0
BRDA:363,59,1,0
BRDA:364,60,0,0
BRDA:364,60,1,0
BRDA:365,61,0,0
BRDA:365,61,1,0
BRDA:375,62,0,0
BRF:126
BRH:0
end_of_record
TN:
SF:app/admin/test-login/page.tsx
FN:5,TestLoginPage
FN:9,(anonymous_2)
FN:25,(anonymous_3)
FN:43,(anonymous_4)
FNF:4
FNH:0
FNDA:0,TestLoginPage
FNDA:0,(anonymous_2)
FNDA:0,(anonymous_3)
FNDA:0,(anonymous_4)
DA:3,0
DA:5,0
DA:6,0
DA:7,0
DA:9,0
DA:10,0
DA:25,0
DA:43,0
LF:8
LH:0
BRDA:71,0,0,0
BRDA:71,0,1,0
BRDA:72,1,0,0
BRDA:72,1,1,0
BRF:4
BRH:0
end_of_record
TN:
SF:app/admin/ultra-simple/page.tsx
FN:5,UltraSimplePage
FN:9,(anonymous_2)
FN:11,(anonymous_3)
FN:15,(anonymous_4)
FN:19,(anonymous_5)
FN:23,(anonymous_6)
FN:24,(anonymous_7)
FN:28,(anonymous_8)
FN:33,(anonymous_9)
FN:37,(anonymous_10)
FN:41,(anonymous_11)
FN:104,(anonymous_12)
FN:111,(anonymous_13)
FNF:13
FNH:0
FNDA:0,UltraSimplePage
FNDA:0,(anonymous_2)
FNDA:0,(anonymous_3)
FNDA:0,(anonymous_4)
FNDA:0,(anonymous_5)
FNDA:0,(anonymous_6)
FNDA:0,(anonymous_7)
FNDA:0,(anonymous_8)
FNDA:0,(anonymous_9)
FNDA:0,(anonymous_10)
FNDA:0,(anonymous_11)
FNDA:0,(anonymous_12)
FNDA:0,(anonymous_13)
DA:3,0
DA:5,0
DA:6,0
DA:7,0
DA:9,0
DA:10,0
DA:11,0
DA:12,0
DA:15,0
DA:16,0
DA:19,0
DA:20,0
DA:23,0
DA:24,0
DA:28,0
DA:29,0
DA:30,0
DA:33,0
DA:34,0
DA:37,0
DA:38,0
DA:41,0
DA:42,0
DA:105,0
DA:112,0
DA:113,0
LF:26
LH:0
BRF:0
BRH:0
end_of_record
TN:
SF:app/admin/unsplash/page.tsx
FN:48,UnsplashAdminPage
FN:58,(anonymous_2)
FN:62,(anonymous_3)
FN:99,(anonymous_4)
FN:126,(anonymous_5)
FN:153,(anonymous_6)
FN:286,(anonymous_7)
FN:299,(anonymous_8)
FN:310,(anonymous_9)
FN:320,(anonymous_10)
FN:334,(anonymous_11)
FN:404,(anonymous_12)
FNF:12
FNH:0
FNDA:0,UnsplashAdminPage
FNDA:0,(anonymous_2)
FNDA:0,(anonymous_3)
FNDA:0,(anonymous_4)
FNDA:0,(anonymous_5)
FNDA:0,(anonymous_6)
FNDA:0,(anonymous_7)
FNDA:0,(anonymous_8)
FNDA:0,(anonymous_9)
FNDA:0,(anonymous_10)
FNDA:0,(anonymous_11)
FNDA:0,(anonymous_12)
DA:3,0
DA:48,0
DA:49,0
DA:50,0
DA:51,0
DA:52,0
DA:53,0
DA:54,0
DA:55,0
DA:56,0
DA:58,0
DA:59,0
DA:62,0
DA:63,0
DA:64,0
DA:65,0
DA:67,0
DA:73,0
DA:74,0
DA:75,0
DA:78,0
DA:79,0
DA:80,0
DA:83,0
DA:84,0
DA:85,0
DA:86,0
DA:87,0
DA:92,0
DA:93,0
DA:95,0
DA:99,0
DA:100,0
DA:101,0
DA:102,0
DA:104,0
DA:108,0
DA:109,0
DA:110,0
DA:111,0
DA:113,0
DA:116,0
DA:119,0
DA:120,0
DA:122,0
DA:126,0
DA:127,0
DA:128,0
DA:129,0
DA:131,0
DA:135,0
DA:136,0
DA:137,0
DA:138,0
DA:140,0
DA:143,0
DA:146,0
DA:147,0
DA:149,0
DA:153,0
DA:154,0
DA:155,0
DA:157,0
DA:165,0
DA:166,0
DA:167,0
DA:168,0
DA:170,0
DA:173,0
DA:176,0
DA:177,0
DA:181,0
DA:286,0
DA:299,0
DA:310,0
DA:320,0
DA:335,0
DA:405,0
LF:78
LH:0
BRDA:73,0,0,0
BRDA:73,0,1,0
BRDA:78,1,0,0
BRDA:78,1,1,0
BRDA:83,2,0,0
BRDA:83,2,1,0
BRDA:86,3,0,0
BRDA:86,3,1,0
BRDA:108,4,0,0
BRDA:108,4,1,0
BRDA:110,5,0,0
BRDA:110,5,1,0
BRDA:113,6,0,0
BRDA:113,6,1,0
BRDA:135,7,0,0
BRDA:135,7,1,0
BRDA:137,8,0,0
BRDA:137,8,1,0
BRDA:140,9,0,0
BRDA:140,9,1,0
BRDA:165,10,0,0
BRDA:165,10,1,0
BRDA:167,11,0,0
BRDA:167,11,1,0
BRDA:170,12,0,0
BRDA:170,12,1,0
BRDA:181,13,0,0
BRDA:181,13,1,0
BRDA:211,14,0,0
BRDA:211,14,1,0
BRDA:214,15,0,0
BRDA:214,15,1,0
BRDA:218,16,0,0
BRDA:218,16,1,0
BRDA:221,17,0,0
BRDA:221,17,1,0
BRDA:226,18,0,0
BRDA:235,19,0,0
BRDA:244,20,0,0
BRDA:244,20,1,0
BRDA:245,21,0,0
BRDA:245,21,1,0
BRDA:274,22,0,0
BRDA:347,23,0,0
BRDA:380,24,0,0
BRDA:397,25,0,0
BRDA:426,26,0,0
BRDA:426,26,1,0
BRDA:426,26,2,0
BRDA:426,26,3,0
BRF:50
BRH:0
end_of_record
TN:
SF:app/admin/youtube/page.tsx
FN:47,YouTubeAdminPage
FN:55,(anonymous_2)
FN:59,(anonymous_3)
FN:96,(anonymous_4)
FN:123,(anonymous_5)
FN:148,(anonymous_6)
FN:301,(anonymous_7)
FN:322,(anonymous_8)
FN:336,(anonymous_9)
FN:349,(anonymous_10)
FN:366,(anonymous_11)
FN:378,(anonymous_12)
FNF:12
FNH:0
FNDA:0,YouTubeAdminPage
FNDA:0,(anonymous_2)
FNDA:0,(anonymous_3)
FNDA:0,(anonymous_4)
FNDA:0,(anonymous_5)
FNDA:0,(anonymous_6)
FNDA:0,(anonymous_7)
FNDA:0,(anonymous_8)
FNDA:0,(anonymous_9)
FNDA:0,(anonymous_10)
FNDA:0,(anonymous_11)
FNDA:0,(anonymous_12)
DA:3,0
DA:47,0
DA:48,0
DA:49,0
DA:50,0
DA:51,0
DA:52,0
DA:53,0
DA:55,0
DA:56,0
DA:59,0
DA:60,0
DA:61,0
DA:62,0
DA:65,0
DA:71,0
DA:72,0
DA:73,0
DA:76,0
DA:77,0
DA:78,0
DA:81,0
DA:82,0
DA:83,0
DA:84,0
DA:89,0
DA:90,0
DA:92,0
DA:96,0
DA:97,0
DA:98,0
DA:99,0
DA:101,0
DA:105,0
DA:106,0
DA:109,0
DA:110,0
DA:113,0
DA:116,0
DA:117,0
DA:119,0
DA:123,0
DA:124,0
DA:125,0
DA:127,0
DA:135,0
DA:136,0
DA:139,0
DA:140,0
DA:143,0
DA:144,0
DA:148,0
DA:149,0
DA:150,0
DA:152,0
DA:153,0
DA:155,0
DA:156,0
DA:157,0
DA:159,0
DA:163,0
DA:164,0
DA:168,0
DA:179,0
DA:301,0
DA:322,0
DA:336,0
DA:349,0
DA:366,0
DA:379,0
LF:70
LH:0
BRDA:71,0,0,0
BRDA:71,0,1,0
BRDA:76,1,0,0
BRDA:76,1,1,0
BRDA:81,2,0,0
BRDA:81,2,1,0
BRDA:83,3,0,0
BRDA:83,3,1,0
BRDA:105,4,0,0
BRDA:105,4,1,0
BRDA:135,5,0,0
BRDA:135,5,1,0
BRDA:155,6,0,0
BRDA:155,6,1,0
BRDA:168,7,0,0
BRDA:168,7,1,0
BRDA:179,8,0,0
BRDA:179,8,1,0
BRDA:204,9,0,0
BRDA:204,9,1,0
BRDA:207,10,0,0
BRDA:207,10,1,0
BRDA:212,11,0,0
BRDA:231,12,0,0
BRDA:234,13,0,0
BRDA:234,13,1,0
BRDA:237,14,0,0
BRDA:237,14,1,0
BRDA:252,15,0,0
BRDA:252,15,1,0
BRDA:252,16,0,0
BRDA:252,16,1,0
BRDA:271,17,0,0
BRDA:271,17,1,0
BRDA:283,18,0,0
BRDA:296,19,0,0
BRDA:303,20,0,0
BRDA:303,20,1,0
BRDA:308,21,0,0
BRDA:308,21,1,0
BRDA:389,22,0,0
BRDA:401,23,0,0
BRDA:424,24,0,0
BRF:43
BRH:0
end_of_record
TN:
SF:app/api/admin/_testMock.ts
FN:189,mockAdminDataIfCI
FNF:1
FNH:0
FNDA:0,mockAdminDataIfCI
DA:10,1
DA:30,1
DA:114,1
DA:155,1
DA:189,0
DA:191,0
DA:193,0
DA:197,0
DA:199,0
DA:201,0
DA:203,0
DA:205,0
DA:207,0
LF:13
LH:4
BRDA:191,0,0,0
BRDA:191,0,1,0
BRDA:191,0,2,0
BRDA:193,1,0,0
BRDA:193,1,1,0
BRDA:197,2,0,0
BRDA:197,2,1,0
BRDA:197,2,2,0
BRDA:197,2,3,0
BRDA:197,2,4,0
BRF:10
BRH:0
end_of_record
TN:
SF:app/api/admin/route-utils.ts
FN:6,mockAdminDataIfCI
FN:202,isTestEnvironment
FN:209,wrapResponseForCI
FNF:3
FNH:1
FNDA:7,mockAdminDataIfCI
FNDA:0,isTestEnvironment
FNDA:0,wrapResponseForCI
DA:6,7
DA:7,7
DA:9,7
DA:11,7
DA:13,7
DA:15,0
DA:34,0
DA:49,0
DA:72,0
DA:95,7
DA:117,0
DA:141,0
DA:154,0
DA:167,0
DA:188,0
DA:202,0
DA:203,0
DA:209,0
DA:210,0
DA:212,0
LF:20
LH:6
BRDA:7,0,0,7
BRDA:7,0,1,0
BRDA:9,1,0,0
BRDA:9,1,1,7
BRDA:13,2,0,0
BRDA:13,2,1,0
BRDA:13,2,2,0
BRDA:13,2,3,0
BRDA:13,2,4,7
BRDA:13,2,5,0
BRDA:13,2,6,0
BRDA:13,2,7,0
BRDA:13,2,8,0
BRDA:13,2,9,0
BRDA:203,3,0,0
BRDA:203,3,1,0
BRDA:210,4,0,0
BRDA:210,4,1,0
BRF:18
BRH:3
end_of_record
TN:
SF:app/api/admin/alerts/route.ts
FN:5,(anonymous_3)
FN:28,(anonymous_4)
FNF:2
FNH:0
FNDA:0,(anonymous_3)
FNDA:0,(anonymous_4)
DA:1,0
DA:2,0
DA:3,0
DA:5,0
DA:6,0
DA:8,0
DA:9,0
DA:10,0
DA:11,0
DA:12,0
DA:17,0
DA:25,0
DA:28,0
DA:29,0
DA:30,0
DA:32,0
DA:34,0
DA:35,0
DA:38,0
DA:39,0
DA:41,0
DA:42,0
DA:45,0
DA:46,0
DA:48,0
DA:49,0
DA:52,0
DA:53,0
DA:56,0
DA:57,0
DA:59,0
DA:62,0
DA:65,0
LF:33
LH:0
BRDA:8,0,0,0
BRDA:8,0,1,0
BRDA:9,1,0,0
BRDA:9,1,1,0
BRDA:12,2,0,0
BRDA:12,2,1,0
BRDA:12,3,0,0
BRDA:12,3,1,0
BRDA:32,4,0,0
BRDA:32,4,1,0
BRDA:32,4,2,0
BRDA:32,4,3,0
BRDA:32,4,4,0
BRDA:38,5,0,0
BRDA:38,5,1,0
BRDA:45,6,0,0
BRDA:45,6,1,0
BRDA:52,7,0,0
BRDA:52,7,1,0
BRDA:52,8,0,0
BRDA:52,8,1,0
BRDA:56,9,0,0
BRDA:56,9,1,0
BRF:23
BRH:0
end_of_record
TN:
SF:app/api/admin/alerts/history/route.ts
FN:3,GET
FNF:1
FNH:0
FNDA:0,GET
DA:1,0
DA:3,0
DA:4,0
DA:6,0
DA:9,0
DA:59,0
LF:6
LH:0
BRDA:6,0,0,0
BRDA:6,0,1,0
BRF:2
BRH:0
end_of_record
TN:
SF:app/api/admin/analytics/route.ts
FN:5,GET
FN:17,(anonymous_2)
FN:44,(anonymous_3)
FN:70,(anonymous_4)
FN:80,(anonymous_5)
FNF:5
FNH:1
FNDA:7,GET
FNDA:0,(anonymous_2)
FNDA:0,(anonymous_3)
FNDA:0,(anonymous_4)
FNDA:0,(anonymous_5)
DA:1,1
DA:2,1
DA:3,1
DA:5,7
DA:7,7
DA:8,7
DA:10,0
DA:12,0
DA:15,0
DA:16,0
DA:18,0
DA:19,0
DA:20,0
DA:22,0
DA:28,0
DA:31,0
DA:44,0
DA:70,0
DA:81,0
DA:82,0
DA:95,0
DA:103,0
DA:104,0
LF:23
LH:6
BRDA:8,0,0,7
BRDA:8,0,1,0
BRDA:91,1,0,0
BRDA:91,1,1,0
BRF:4
BRH:1
end_of_record
TN:
SF:app/api/admin/analyze-duplicates/route.ts
FN:4,GET
FN:68,(anonymous_2)
FN:69,(anonymous_3)
FN:72,(anonymous_4)
FN:79,(anonymous_5)
FN:80,(anonymous_6)
FN:83,(anonymous_7)
FNF:7
FNH:0
FNDA:0,GET
FNDA:0,(anonymous_2)
FNDA:0,(anonymous_3)
FNDA:0,(anonymous_4)
FNDA:0,(anonymous_5)
FNDA:0,(anonymous_6)
FNDA:0,(anonymous_7)
DA:1,0
DA:2,0
DA:4,0
DA:5,0
DA:7,0
DA:8,0
DA:10,0
DA:11,0
DA:14,0
DA:17,0
DA:36,0
DA:41,0
DA:42,0
DA:46,0
DA:47,0
DA:49,0
DA:51,0
DA:52,0
DA:53,0
DA:55,0
DA:58,0
DA:59,0
DA:60,0
DA:62,0
DA:67,0
DA:68,0
DA:69,0
DA:72,0
DA:78,0
DA:79,0
DA:80,0
DA:83,0
DA:87,0
DA:96,0
DA:113,0
DA:114,0
LF:36
LH:0
BRDA:10,0,0,0
BRDA:10,0,1,0
BRDA:41,1,0,0
BRDA:41,1,1,0
BRDA:49,2,0,0
BRDA:49,2,1,0
BRDA:51,3,0,0
BRDA:51,3,1,0
BRDA:52,4,0,0
BRDA:52,4,1,0
BRDA:58,5,0,0
BRDA:58,5,1,0
BRDA:59,6,0,0
BRDA:59,6,1,0
BRDA:99,7,0,0
BRDA:99,7,1,0
BRDA:102,8,0,0
BRDA:102,8,1,0
BRDA:104,9,0,0
BRDA:104,9,1,0
BRDA:107,10,0,0
BRDA:107,10,1,0
BRDA:116,11,0,0
BRDA:116,11,1,0
BRF:24
BRH:0
end_of_record
TN:
SF:app/api/admin/auth/route.ts
FN:20,verifyHandler
FN:101,loginHandler
FN:147,logoutHandler
FN:191,POST
FN:200,GET
FN:209,DELETE
FNF:6
FNH:0
FNDA:0,verifyHandler
FNDA:0,loginHandler
FNDA:0,logoutHandler
FNDA:0,POST
FNDA:0,GET
FNDA:0,DELETE
DA:1,0
DA:2,0
DA:3,0
DA:4,0
DA:10,0
DA:21,0
DA:22,0
DA:25,0
DA:26,0
DA:29,0
DA:30,0
DA:31,0
DA:33,0
DA:36,0
DA:37,0
DA:38,0
DA:45,0
DA:46,0
DA:47,0
DA:50,0
DA:52,0
DA:53,0
DA:54,0
DA:60,0
DA:61,0
DA:62,0
DA:68,0
DA:70,0
DA:85,0
DA:86,0
DA:93,0
DA:94,0
DA:102,0
DA:103,0
DA:105,0
DA:106,0
DA:109,0
DA:112,0
DA:126,0
DA:128,0
DA:134,0
DA:136,0
DA:139,0
DA:140,0
DA:141,0
DA:143,0
DA:148,0
DA:150,0
DA:151,0
DA:154,0
DA:155,0
DA:158,0
DA:159,0
DA:160,0
DA:161,0
DA:164,0
DA:169,0
DA:175,0
DA:176,0
DA:178,0
DA:180,0
DA:183,0
DA:185,0
DA:186,0
DA:187,0
DA:191,0
DA:192,0
DA:193,0
DA:194,0
DA:196,0
DA:200,0
DA:201,0
DA:202,0
DA:203,0
DA:205,0
DA:209,0
DA:210,0
DA:211,0
DA:212,0
DA:214,0
LF:80
LH:0
BRDA:29,0,0,0
BRDA:29,0,1,0
BRDA:31,1,0,0
BRDA:31,1,1,0
BRDA:36,2,0,0
BRDA:36,2,1,0
BRDA:52,3,0,0
BRDA:52,3,1,0
BRDA:60,4,0,0
BRDA:60,4,1,0
BRDA:105,5,0,0
BRDA:105,5,1,0
BRDA:105,6,0,0
BRDA:105,6,1,0
BRDA:140,7,0,0
BRDA:140,7,1,0
BRDA:140,8,0,0
BRDA:140,8,1,0
BRDA:154,9,0,0
BRDA:154,9,1,0
BRDA:158,10,0,0
BRDA:158,10,1,0
BRF:22
BRH:0
end_of_record
TN:
SF:app/api/admin/auth/me/route.ts
FN:18,getCurrentUserHandler
FN:74,GET
FNF:2
FNH:0
FNDA:0,getCurrentUserHandler
FNDA:0,GET
DA:2,0
DA:3,0
DA:4,0
DA:10,0
DA:19,0
DA:21,0
DA:24,0
DA:25,0
DA:26,0
DA:29,0
DA:32,0
DA:33,0
DA:38,0
DA:39,0
DA:42,0
DA:43,0
DA:47,0
DA:48,0
DA:49,0
DA:52,0
DA:66,0
DA:67,0
DA:68,0
DA:70,0
DA:74,0
DA:75,0
DA:76,0
DA:77,0
DA:79,0
LF:29
LH:0
BRDA:25,0,0,0
BRDA:25,0,1,0
BRDA:25,1,0,0
BRDA:25,1,1,0
BRDA:32,2,0,0
BRDA:32,2,1,0
BRDA:48,3,0,0
BRDA:48,3,1,0
BRDA:67,4,0,0
BRDA:67,4,1,0
BRDA:67,5,0,0
BRDA:67,5,1,0
BRF:12
BRH:0
end_of_record
TN:
SF:app/api/admin/auth/refresh/route.ts
FN:17,refreshTokenHandler
FN:69,POST
FNF:2
FNH:0
FNDA:0,refreshTokenHandler
FNDA:0,POST
DA:2,0
DA:3,0
DA:9,0
DA:18,0
DA:19,0
DA:21,0
DA:22,0
DA:27,0
DA:28,0
DA:30,0
DA:34,0
DA:35,0
DA:36,0
DA:40,0
DA:45,0
DA:59,0
DA:60,0
DA:63,0
DA:65,0
DA:69,0
DA:70,0
DA:71,0
DA:72,0
DA:74,0
LF:24
LH:0
BRDA:21,0,0,0
BRDA:21,0,1,0
BRDA:35,1,0,0
BRDA:35,1,1,0
BRDA:35,2,0,0
BRDA:35,2,1,0
BRDA:60,3,0,0
BRDA:60,3,1,0
BRDA:60,4,0,0
BRDA:60,4,1,0
BRDA:60,4,2,0
BRF:11
BRH:0
end_of_record
TN:
SF:app/api/admin/auto-approve/route.ts
FN:5,POST
FN:20,(anonymous_4)
FN:61,(anonymous_5)
FN:62,(anonymous_6)
FN:63,(anonymous_7)
FN:64,(anonymous_8)
FN:94,GET
FN:155,(anonymous_10)
FN:178,runProgressiveAutoApproval
FN:276,runBalancedPlatformApproval
FN:312,generateRecommendations
FNF:11
FNH:0
FNDA:0,POST
FNDA:0,(anonymous_4)
FNDA:0,(anonymous_5)
FNDA:0,(anonymous_6)
FNDA:0,(anonymous_7)
FNDA:0,(anonymous_8)
FNDA:0,GET
FNDA:0,(anonymous_10)
FNDA:0,runProgressiveAutoApproval
FNDA:0,runBalancedPlatformApproval
FNDA:0,generateRecommendations
DA:1,0
DA:2,0
DA:3,0
DA:5,0
DA:6,0
DA:8,0
DA:10,0
DA:11,0
DA:13,0
DA:14,0
DA:17,0
DA:20,0
DA:25,0
DA:27,0
DA:30,0
DA:34,0
DA:35,0
DA:36,0
DA:45,0
DA:46,0
DA:54,0
DA:55,0
DA:59,0
DA:61,0
DA:62,0
DA:63,0
DA:64,0
DA:68,0
DA:70,0
DA:72,0
DA:84,0
DA:85,0
DA:94,0
DA:95,0
DA:96,0
DA:97,0
DA:99,0
DA:100,0
DA:103,0
DA:106,0
DA:107,0
DA:109,0
DA:114,0
DA:119,0
DA:125,0
DA:131,0
DA:137,0
DA:146,0
DA:155,0
DA:157,0
DA:170,0
DA:179,0
DA:181,0
DA:182,0
DA:183,0
DA:184,0
DA:185,0
DA:187,0
DA:188,0
DA:190,0
DA:191,0
DA:194,0
DA:205,0
DA:206,0
DA:209,0
DA:221,0
DA:222,0
DA:225,0
DA:237,0
DA:238,0
DA:241,0
DA:253,0
DA:254,0
DA:257,0
DA:258,0
DA:259,0
DA:263,0
DA:266,0
DA:267,0
DA:269,0
DA:277,0
DA:278,0
DA:280,0
DA:281,0
DA:282,0
DA:302,0
DA:304,0
DA:308,0
DA:313,0
DA:315,0
DA:316,0
DA:317,0
DA:318,0
DA:321,0
DA:322,0
DA:323,0
DA:324,0
DA:327,0
DA:328,0
DA:331,0
LF:100
LH:0
BRDA:13,0,0,0
BRDA:13,0,1,0
BRDA:22,1,0,0
BRDA:23,2,0,0
BRDA:24,3,0,0
BRDA:34,4,0,0
BRDA:34,4,1,0
BRDA:47,5,0,0
BRDA:47,5,1,0
BRDA:48,6,0,0
BRDA:48,6,1,0
BRDA:49,7,0,0
BRDA:49,7,1,0
BRDA:50,8,0,0
BRDA:50,8,1,0
BRDA:51,9,0,0
BRDA:51,9,1,0
BRDA:60,10,0,0
BRDA:60,10,1,0
BRDA:61,11,0,0
BRDA:61,11,1,0
BRDA:62,12,0,0
BRDA:62,12,1,0
BRDA:62,13,0,0
BRDA:62,13,1,0
BRDA:63,14,0,0
BRDA:63,14,1,0
BRDA:63,15,0,0
BRDA:63,15,1,0
BRDA:64,16,0,0
BRDA:64,16,1,0
BRDA:64,17,0,0
BRDA:64,17,1,0
BRDA:74,18,0,0
BRDA:74,18,1,0
BRDA:87,19,0,0
BRDA:87,19,1,0
BRDA:99,20,0,0
BRDA:99,20,1,0
BRDA:106,21,0,0
BRDA:106,21,1,0
BRDA:138,22,0,0
BRDA:138,22,1,0
BRDA:139,23,0,0
BRDA:139,23,1,0
BRDA:140,24,0,0
BRDA:140,24,1,0
BRDA:141,25,0,0
BRDA:141,25,1,0
BRDA:142,26,0,0
BRDA:142,26,1,0
BRDA:164,27,0,0
BRDA:164,27,1,0
BRDA:172,28,0,0
BRDA:172,28,1,0
BRDA:190,29,0,0
BRDA:190,29,1,0
BRDA:202,30,0,0
BRDA:202,30,1,0
BRDA:205,31,0,0
BRDA:205,31,1,0
BRDA:218,32,0,0
BRDA:218,32,1,0
BRDA:219,33,0,0
BRDA:219,33,1,0
BRDA:221,34,0,0
BRDA:221,34,1,0
BRDA:234,35,0,0
BRDA:234,35,1,0
BRDA:235,36,0,0
BRDA:235,36,1,0
BRDA:237,37,0,0
BRDA:237,37,1,0
BRDA:250,38,0,0
BRDA:250,38,1,0
BRDA:251,39,0,0
BRDA:251,39,1,0
BRDA:253,40,0,0
BRDA:253,40,1,0
BRDA:302,41,0,0
BRDA:302,41,1,0
BRDA:315,42,0,0
BRDA:315,42,1,0
BRDA:317,43,0,0
BRDA:317,43,1,0
BRDA:321,44,0,0
BRDA:321,44,1,0
BRDA:323,45,0,0
BRDA:323,45,1,0
BRDA:327,46,0,0
BRDA:327,46,1,0
BRF:91
BRH:0
end_of_record
TN:
SF:app/api/admin/auto-scan/route.ts
FN:5,GET
FN:51,POST
FN:61,(anonymous_6)
FN:86,(anonymous_7)
FN:87,(anonymous_8)
FN:161,OPTIONS
FNF:6
FNH:0
FNDA:0,GET
FNDA:0,POST
FNDA:0,(anonymous_6)
FNDA:0,(anonymous_7)
FNDA:0,(anonymous_8)
FNDA:0,OPTIONS
DA:1,0
DA:2,0
DA:3,0
DA:5,0
DA:6,0
DA:8,0
DA:9,0
DA:11,0
DA:12,0
DA:15,0
DA:18,0
DA:20,0
DA:40,0
DA:42,0
DA:44,0
DA:51,0
DA:52,0
DA:54,0
DA:55,0
DA:57,0
DA:58,0
DA:61,0
DA:67,0
DA:69,0
DA:73,0
DA:75,0
DA:77,0
DA:86,0
DA:87,0
DA:90,0
DA:91,0
DA:94,0
DA:95,0
DA:96,0
DA:98,0
DA:99,0
DA:100,0
DA:103,0
DA:110,0
DA:121,0
DA:140,0
DA:143,0
DA:145,0
DA:147,0
DA:161,0
DA:162,0
LF:46
LH:0
BRDA:11,0,0,0
BRDA:11,0,1,0
BRDA:27,1,0,0
BRDA:27,1,1,0
BRDA:46,2,0,0
BRDA:46,2,1,0
BRDA:57,3,0,0
BRDA:57,3,1,0
BRDA:63,4,0,0
BRDA:64,5,0,0
BRDA:65,6,0,0
BRDA:66,7,0,0
BRDA:73,8,0,0
BRDA:73,8,1,0
BRDA:73,9,0,0
BRDA:73,9,1,0
BRDA:79,10,0,0
BRDA:79,10,1,0
BRDA:86,11,0,0
BRDA:86,11,1,0
BRDA:90,12,0,0
BRDA:90,12,1,0
BRDA:94,13,0,0
BRDA:94,13,1,0
BRDA:98,14,0,0
BRDA:98,14,1,0
BRDA:116,15,0,0
BRDA:116,15,1,0
BRDA:117,16,0,0
BRDA:117,16,1,0
BRDA:129,17,0,0
BRDA:129,17,1,0
BRDA:132,18,0,0
BRDA:132,18,1,0
BRDA:133,19,0,0
BRDA:133,19,1,0
BRDA:134,20,0,0
BRDA:134,20,1,0
BRDA:135,21,0,0
BRDA:135,21,1,0
BRDA:136,22,0,0
BRDA:136,22,1,0
BRDA:149,23,0,0
BRDA:149,23,1,0
BRF:44
BRH:0
end_of_record
TN:
SF:app/api/admin/automation-health/route.ts
FN:4,GET
FN:32,(anonymous_2)
FN:45,(anonymous_3)
FN:65,(anonymous_4)
FN:108,(anonymous_5)
FN:119,(anonymous_6)
FN:125,(anonymous_7)
FN:126,(anonymous_8)
FN:127,(anonymous_9)
FN:137,(anonymous_10)
FN:152,(anonymous_11)
FN:153,(anonymous_12)
FN:163,(anonymous_13)
FN:164,(anonymous_14)
FN:179,(anonymous_15)
FN:187,(anonymous_16)
FNF:16
FNH:0
FNDA:0,GET
FNDA:0,(anonymous_2)
FNDA:0,(anonymous_3)
FNDA:0,(anonymous_4)
FNDA:0,(anonymous_5)
FNDA:0,(anonymous_6)
FNDA:0,(anonymous_7)
FNDA:0,(anonymous_8)
FNDA:0,(anonymous_9)
FNDA:0,(anonymous_10)
FNDA:0,(anonymous_11)
FNDA:0,(anonymous_12)
FNDA:0,(anonymous_13)
FNDA:0,(anonymous_14)
FNDA:0,(anonymous_15)
FNDA:0,(anonymous_16)
DA:1,0
DA:2,0
DA:4,0
DA:5,0
DA:6,0
DA:8,0
DA:11,0
DA:15,0
DA:24,0
DA:25,0
DA:26,0
DA:29,0
DA:30,0
DA:32,0
DA:33,0
DA:45,0
DA:46,0
DA:47,0
DA:49,0
DA:50,0
DA:51,0
DA:52,0
DA:53,0
DA:55,0
DA:56,0
DA:58,0
DA:59,0
DA:65,0
DA:66,0
DA:67,0
DA:71,0
DA:72,0
DA:73,0
DA:74,0
DA:75,0
DA:76,0
DA:77,0
DA:78,0
DA:79,0
DA:81,0
DA:84,0
DA:94,0
DA:102,0
DA:103,0
DA:108,0
DA:109,0
DA:112,0
DA:113,0
DA:114,0
DA:119,0
DA:120,0
DA:125,0
DA:126,0
DA:127,0
DA:128,0
DA:130,0
DA:135,0
DA:136,0
DA:137,0
DA:139,0
DA:140,0
DA:142,0
DA:143,0
DA:146,0
DA:152,0
DA:154,0
DA:155,0
DA:156,0
DA:163,0
DA:164,0
DA:180,0
DA:187,0
DA:194,0
DA:195,0
LF:74
LH:0
BRDA:49,0,0,0
BRDA:49,0,1,0
BRDA:51,1,0,0
BRDA:51,1,1,0
BRDA:52,2,0,0
BRDA:52,2,1,0
BRDA:52,3,0,0
BRDA:52,3,1,0
BRDA:53,4,0,0
BRDA:53,4,1,0
BRDA:55,5,0,0
BRDA:55,5,1,0
BRDA:56,6,0,0
BRDA:56,6,1,0
BRDA:58,7,0,0
BRDA:58,7,1,0
BRDA:58,8,0,0
BRDA:58,8,1,0
BRDA:67,9,0,0
BRDA:67,9,1,0
BRDA:71,10,0,0
BRDA:71,10,1,0
BRDA:74,11,0,0
BRDA:74,11,1,0
BRDA:77,12,0,0
BRDA:77,12,1,0
BRDA:102,13,0,0
BRDA:102,13,1,0
BRDA:102,14,0,0
BRDA:102,14,1,0
BRDA:109,15,0,0
BRDA:109,15,1,0
BRDA:113,16,0,0
BRDA:113,16,1,0
BRDA:130,17,0,0
BRDA:130,17,1,0
BRDA:131,18,0,0
BRDA:131,18,1,0
BRDA:132,19,0,0
BRDA:132,19,1,0
BRDA:136,20,0,0
BRDA:136,20,1,0
BRDA:139,21,0,0
BRDA:139,21,1,0
BRDA:142,22,0,0
BRDA:142,22,1,0
BRDA:154,23,0,0
BRDA:154,23,1,0
BRDA:154,24,0,0
BRDA:154,24,1,0
BRDA:155,25,0,0
BRDA:155,25,1,0
BRDA:155,26,0,0
BRDA:155,26,1,0
BRDA:170,27,0,0
BRDA:170,27,1,0
BRDA:173,28,0,0
BRDA:173,28,1,0
BRDA:188,29,0,0
BRDA:188,29,1,0
BRDA:189,30,0,0
BRDA:189,30,1,0
BRDA:197,31,0,0
BRDA:197,31,1,0
BRF:64
BRH:0
end_of_record
TN:
SF:app/api/admin/automation-status/route.ts
FN:4,GET
FN:69,(anonymous_2)
FN:70,(anonymous_3)
FN:71,(anonymous_4)
FN:72,(anonymous_5)
FN:78,(anonymous_6)
FN:79,(anonymous_7)
FN:80,(anonymous_8)
FN:83,(anonymous_9)
FN:84,(anonymous_10)
FN:110,(anonymous_11)
FN:131,(anonymous_12)
FN:135,(anonymous_13)
FN:155,(anonymous_14)
FN:156,(anonymous_15)
FNF:15
FNH:0
FNDA:0,GET
FNDA:0,(anonymous_2)
FNDA:0,(anonymous_3)
FNDA:0,(anonymous_4)
FNDA:0,(anonymous_5)
FNDA:0,(anonymous_6)
FNDA:0,(anonymous_7)
FNDA:0,(anonymous_8)
FNDA:0,(anonymous_9)
FNDA:0,(anonymous_10)
FNDA:0,(anonymous_11)
FNDA:0,(anonymous_12)
FNDA:0,(anonymous_13)
FNDA:0,(anonymous_14)
FNDA:0,(anonymous_15)
DA:1,0
DA:2,0
DA:4,0
DA:5,0
DA:7,0
DA:9,0
DA:10,0
DA:12,0
DA:13,0
DA:14,0
DA:15,0
DA:16,0
DA:17,0
DA:18,0
DA:19,0
DA:26,0
DA:27,0
DA:28,0
DA:31,0
DA:32,0
DA:35,0
DA:36,0
DA:37,0
DA:40,0
DA:49,0
DA:50,0
DA:51,0
DA:52,0
DA:56,0
DA:67,0
DA:69,0
DA:70,0
DA:71,0
DA:72,0
DA:77,0
DA:78,0
DA:79,0
DA:80,0
DA:81,0
DA:83,0
DA:84,0
DA:90,0
DA:100,0
DA:101,0
DA:108,0
DA:109,0
DA:110,0
DA:111,0
DA:112,0
DA:113,0
DA:115,0
DA:116,0
DA:122,0
DA:131,0
DA:132,0
DA:133,0
DA:135,0
DA:136,0
DA:140,0
DA:150,0
DA:155,0
DA:156,0
DA:159,0
DA:163,0
DA:201,0
DA:202,0
LF:66
LH:0
BRDA:13,0,0,0
BRDA:13,0,1,0
BRDA:17,1,0,0
BRDA:17,1,1,0
BRDA:17,2,0,0
BRDA:17,2,1,0
BRDA:26,3,0,0
BRDA:26,3,1,0
BRDA:31,4,0,0
BRDA:31,4,1,0
BRDA:31,5,0,0
BRDA:31,5,1,0
BRDA:45,6,0,0
BRDA:45,6,1,0
BRDA:51,7,0,0
BRDA:51,7,1,0
BRDA:68,8,0,0
BRDA:68,8,1,0
BRDA:69,9,0,0
BRDA:69,9,1,0
BRDA:69,10,0,0
BRDA:69,10,1,0
BRDA:70,11,0,0
BRDA:70,11,1,0
BRDA:71,12,0,0
BRDA:71,12,1,0
BRDA:71,13,0,0
BRDA:71,13,1,0
BRDA:72,14,0,0
BRDA:72,14,1,0
BRDA:72,15,0,0
BRDA:72,15,1,0
BRDA:77,16,0,0
BRDA:77,16,1,0
BRDA:109,17,0,0
BRDA:109,17,1,0
BRDA:112,18,0,0
BRDA:112,18,1,0
BRDA:117,19,0,0
BRDA:117,19,1,0
BRDA:135,20,0,0
BRDA:135,20,1,0
BRDA:145,21,0,0
BRDA:145,21,1,0
BRDA:145,22,0,0
BRDA:145,22,1,0
BRDA:152,23,0,0
BRDA:152,23,1,0
BRDA:152,23,2,0
BRDA:154,24,0,0
BRDA:154,24,1,0
BRDA:159,25,0,0
BRDA:159,25,1,0
BRDA:159,26,0,0
BRDA:159,26,1,0
BRDA:159,26,2,0
BRDA:178,27,0,0
BRDA:178,27,1,0
BRDA:181,28,0,0
BRDA:181,28,1,0
BRDA:186,29,0,0
BRDA:186,29,1,0
BRDA:187,30,0,0
BRDA:187,30,1,0
BRDA:193,31,0,0
BRDA:193,31,1,0
BRDA:194,32,0,0
BRDA:194,32,1,0
BRDA:195,33,0,0
BRDA:195,33,1,0
BRDA:196,34,0,0
BRDA:196,34,1,0
BRDA:196,35,0,0
BRDA:196,35,1,0
BRDA:204,36,0,0
BRDA:204,36,1,0
BRF:76
BRH:0
end_of_record
TN:
SF:app/api/admin/bluesky/scan/route.ts
FN:6,POST
FNF:1
FNH:1
FNDA:9,POST
DA:1,1
DA:2,1
DA:3,1
DA:4,1
DA:6,9
DA:7,9
DA:9,9
DA:10,9
DA:11,9
DA:12,8
DA:13,1
DA:19,9
DA:26,9
DA:28,9
DA:29,9
DA:30,8
DA:32,8
DA:34,8
DA:45,8
DA:64,1
DA:66,1
DA:73,1
DA:75,1
LF:23
LH:23
BRDA:12,0,0,1
BRDA:12,0,1,7
BRDA:12,1,0,8
BRDA:12,1,1,2
BRDA:64,2,0,1
BRDA:64,2,1,0
BRF:6
BRH:5
end_of_record
TN:
SF:app/api/admin/bluesky/stats/route.ts
FN:5,GET
FN:79,(anonymous_2)
FN:96,(anonymous_3)
FNF:3
FNH:0
FNDA:0,GET
FNDA:0,(anonymous_2)
FNDA:0,(anonymous_3)
DA:1,0
DA:2,0
DA:3,0
DA:5,0
DA:6,0
DA:7,0
DA:10,0
DA:13,0
DA:32,0
DA:44,0
DA:46,0
DA:79,0
DA:96,0
DA:100,0
DA:102,0
DA:108,0
DA:110,0
LF:17
LH:0
BRDA:48,0,0,0
BRDA:48,0,1,0
BRDA:49,1,0,0
BRDA:49,1,1,0
BRDA:50,2,0,0
BRDA:50,2,1,0
BRDA:51,3,0,0
BRDA:51,3,1,0
BRDA:52,4,0,0
BRDA:52,4,1,0
BRDA:56,5,0,0
BRDA:56,5,1,0
BRDA:57,6,0,0
BRDA:57,6,1,0
BRDA:58,7,0,0
BRDA:58,7,1,0
BRDA:59,8,0,0
BRDA:59,8,1,0
BRDA:64,9,0,0
BRDA:64,9,1,0
BRDA:76,10,0,0
BRDA:76,10,1,0
BRDA:83,11,0,0
BRDA:83,11,1,0
BRDA:92,12,0,0
BRDA:92,12,1,0
BRDA:93,13,0,0
BRDA:93,13,1,0
BRDA:94,14,0,0
BRDA:94,14,1,0
BRDA:95,15,0,0
BRDA:95,15,1,0
BRDA:114,16,0,0
BRDA:114,16,1,0
BRF:34
BRH:0
end_of_record
TN:
SF:app/api/admin/bluesky/status/route.ts
FN:5,GET
FNF:1
FNH:1
FNDA:6,GET
DA:1,1
DA:2,1
DA:5,6
DA:6,6
DA:7,6
DA:9,6
DA:15,4
DA:18,4
DA:49,4
DA:51,4
DA:57,2
DA:59,2
LF:12
LH:12
BRDA:15,0,0,2
BRDA:15,0,1,2
BRDA:16,1,0,1
BRDA:16,1,1,1
BRDA:22,2,0,2
BRDA:22,2,1,2
BRDA:63,3,0,2
BRDA:63,3,1,0
BRF:8
BRH:7
end_of_record
TN:
SF:app/api/admin/bluesky/test/route.ts
FN:4,GET
FNF:1
FNH:0
FNDA:0,GET
DA:1,0
DA:2,0
DA:4,0
DA:5,0
DA:6,0
DA:8,0
DA:9,0
DA:10,0
DA:12,0
DA:31,0
DA:33,0
DA:42,0
DA:44,0
LF:13
LH:0
BRDA:27,0,0,0
BRDA:27,0,1,0
BRDA:28,1,0,0
BRDA:28,1,1,0
BRDA:28,2,0,0
BRDA:28,2,1,0
BRDA:35,3,0,0
BRDA:35,3,1,0
BRDA:48,4,0,0
BRDA:48,4,1,0
BRF:10
BRH:0
end_of_record
TN:
SF:app/api/admin/cleanup-duplicates/route.ts
FN:5,POST
FN:171,(anonymous_2)
FN:172,(anonymous_3)
FNF:3
FNH:0
FNDA:0,POST
FNDA:0,(anonymous_2)
FNDA:0,(anonymous_3)
DA:1,0
DA:2,0
DA:3,0
DA:5,0
DA:6,0
DA:8,0
DA:10,0
DA:11,0
DA:13,0
DA:14,0
DA:18,0
DA:19,0
DA:20,0
DA:21,0
DA:26,0
DA:27,0
DA:30,0
DA:33,0
DA:38,0
DA:39,0
DA:42,0
DA:43,0
DA:50,0
DA:53,0
DA:54,0
DA:55,0
DA:56,0
DA:58,0
DA:59,0
DA:61,0
DA:62,0
DA:63,0
DA:66,0
DA:67,0
DA:68,0
DA:72,0
DA:73,0
DA:74,0
DA:78,0
DA:79,0
DA:80,0
DA:84,0
DA:85,0
DA:86,0
DA:90,0
DA:91,0
DA:92,0
DA:93,0
DA:94,0
DA:96,0
DA:99,0
DA:100,0
DA:101,0
DA:104,0
DA:105,0
DA:106,0
DA:110,0
DA:111,0
DA:113,0
DA:114,0
DA:115,0
DA:118,0
DA:120,0
DA:121,0
DA:122,0
DA:123,0
DA:128,0
DA:129,0
DA:131,0
DA:132,0
DA:137,0
DA:138,0
DA:140,0
DA:141,0
DA:146,0
DA:147,0
DA:149,0
DA:154,0
DA:155,0
DA:159,0
DA:160,0
DA:161,0
DA:165,0
DA:169,0
DA:171,0
DA:172,0
DA:177,0
DA:195,0
DA:196,0
LF:89
LH:0
BRDA:13,0,0,0
BRDA:13,0,1,0
BRDA:21,1,0,0
BRDA:21,1,1,0
BRDA:26,2,0,0
BRDA:26,2,1,0
BRDA:38,3,0,0
BRDA:38,3,1,0
BRDA:42,4,0,0
BRDA:42,4,1,0
BRDA:42,5,0,0
BRDA:42,5,1,0
BRDA:67,6,0,0
BRDA:67,6,1,0
BRDA:72,7,0,0
BRDA:72,7,1,0
BRDA:78,8,0,0
BRDA:78,8,1,0
BRDA:78,9,0,0
BRDA:78,9,1,0
BRDA:78,9,2,0
BRDA:84,10,0,0
BRDA:84,10,1,0
BRDA:84,11,0,0
BRDA:84,11,1,0
BRDA:84,11,2,0
BRDA:90,12,0,0
BRDA:90,12,1,0
BRDA:90,13,0,0
BRDA:90,13,1,0
BRDA:90,13,2,0
BRDA:92,14,0,0
BRDA:92,14,1,0
BRDA:99,15,0,0
BRDA:99,15,1,0
BRDA:105,16,0,0
BRDA:105,16,1,0
BRDA:106,17,0,0
BRDA:106,17,1,0
BRDA:118,18,0,0
BRDA:118,18,1,0
BRDA:128,19,0,0
BRDA:128,19,1,0
BRDA:146,20,0,0
BRDA:146,20,1,0
BRDA:160,21,0,0
BRDA:160,21,1,0
BRDA:170,22,0,0
BRDA:170,22,1,0
BRDA:171,23,0,0
BRDA:171,23,1,0
BRDA:171,24,0,0
BRDA:171,24,1,0
BRDA:172,25,0,0
BRDA:172,25,1,0
BRDA:180,26,0,0
BRDA:180,26,1,0
BRDA:184,27,0,0
BRDA:184,27,1,0
BRDA:188,28,0,0
BRDA:188,28,1,0
BRDA:189,29,0,0
BRDA:189,29,1,0
BRDA:198,30,0,0
BRDA:198,30,1,0
BRF:65
BRH:0
end_of_record
TN:
SF:app/api/admin/content/route.ts
FN:9,GET
FN:279,(anonymous_5)
FN:280,(anonymous_6)
FN:285,(anonymous_7)
FN:405,POST
FN:514,PUT
FNF:6
FNH:4
FNDA:11,GET
FNDA:7,(anonymous_5)
FNDA:7,(anonymous_6)
FNDA:7,(anonymous_7)
FNDA:0,POST
FNDA:0,PUT
DA:1,1
DA:2,1
DA:3,1
DA:4,1
DA:5,1
DA:6,1
DA:7,1
DA:9,11
DA:10,11
DA:11,11
DA:12,11
DA:13,11
DA:16,11
DA:17,0
DA:18,0
DA:19,0
DA:20,0
DA:33,11
DA:34,11
DA:36,11
DA:37,0
DA:38,0
DA:43,11
DA:44,11
DA:45,11
DA:46,1
DA:47,1
DA:50,0
DA:51,0
DA:54,10
DA:57,10
DA:58,10
DA:59,10
DA:60,10
DA:61,10
DA:63,10
DA:65,10
DA:67,10
DA:69,10
DA:70,10
DA:73,10
DA:74,10
DA:75,10
DA:77,10
DA:78,10
DA:81,10
DA:114,10
DA:115,1
DA:116,1
DA:124,9
DA:125,9
DA:130,10
DA:132,10
DA:134,0
DA:137,0
DA:141,0
DA:152,0
DA:161,10
DA:162,10
DA:167,10
DA:168,10
DA:169,10
DA:171,10
DA:172,0
DA:173,0
DA:174,0
DA:175,0
DA:177,0
DA:178,0
DA:180,0
DA:181,10
DA:182,0
DA:183,0
DA:185,0
DA:187,0
DA:188,10
DA:189,0
DA:190,0
DA:191,0
DA:192,0
DA:194,0
DA:196,10
DA:198,10
DA:199,10
DA:200,10
DA:201,10
DA:204,10
DA:206,0
DA:207,0
DA:208,0
DA:209,0
DA:210,10
DA:211,1
DA:213,1
DA:214,1
DA:215,1
DA:216,9
DA:218,7
DA:219,7
DA:220,7
DA:221,2
DA:222,1
DA:223,1
DA:224,1
DA:225,1
DA:226,1
DA:228,0
DA:231,10
DA:235,10
DA:237,10
DA:247,10
DA:254,10
DA:255,10
DA:260,10
DA:263,10
DA:264,9
DA:265,9
DA:268,9
DA:269,9
DA:271,9
DA:274,9
DA:275,9
DA:276,9
DA:277,9
DA:278,9
DA:279,9
DA:280,9
DA:282,9
DA:285,9
DA:317,9
DA:330,9
DA:331,9
DA:332,9
DA:338,9
DA:339,6
DA:341,9
DA:343,9
DA:344,9
DA:351,1
DA:352,1
DA:363,1
DA:365,0
DA:366,0
DA:368,0
DA:369,0
DA:371,0
DA:380,1
DA:381,0
DA:382,0
DA:390,1
DA:391,0
DA:398,1
DA:405,0
DA:406,0
DA:407,0
DA:409,0
DA:410,0
DA:412,0
DA:413,0
DA:414,0
DA:418,0
DA:419,0
DA:420,0
DA:421,0
DA:422,0
DA:423,0
DA:424,0
DA:426,0
DA:428,0
DA:431,0
DA:432,0
DA:433,0
DA:434,0
DA:436,0
DA:438,0
DA:441,0
DA:444,0
DA:454,0
DA:456,0
DA:457,0
DA:464,0
DA:465,0
DA:471,0
DA:476,0
DA:477,0
DA:481,0
DA:501,0
DA:502,0
DA:509,0
DA:510,0
DA:514,0
DA:515,0
DA:516,0
DA:518,0
DA:519,0
DA:521,0
DA:522,0
DA:523,0
DA:527,0
DA:528,0
DA:529,0
DA:530,0
DA:531,0
DA:532,0
DA:533,0
DA:535,0
DA:537,0
DA:540,0
DA:541,0
DA:542,0
DA:543,0
DA:545,0
DA:547,0
DA:550,0
DA:553,0
DA:554,0
DA:556,0
DA:557,0
DA:561,0
DA:562,0
DA:563,0
DA:565,0
DA:566,0
DA:567,0
DA:568,0
DA:571,0
DA:572,0
DA:573,0
DA:574,0
DA:577,0
DA:578,0
DA:579,0
DA:580,0
DA:582,0
DA:583,0
DA:584,0
DA:585,0
DA:589,0
DA:590,0
DA:593,0
DA:594,0
DA:595,0
DA:598,0
DA:600,0
DA:607,0
DA:609,0
DA:610,0
DA:611,0
DA:614,0
DA:615,0
DA:622,0
DA:623,0
LF:252
LH:111
BRDA:16,0,0,0
BRDA:16,0,1,11
BRDA:19,1,0,0
BRDA:19,1,1,0
BRDA:36,2,0,0
BRDA:36,2,1,11
BRDA:45,3,0,1
BRDA:45,3,1,10
BRDA:58,4,0,10
BRDA:58,4,1,10
BRDA:59,5,0,10
BRDA:59,5,1,10
BRDA:60,6,0,10
BRDA:60,6,1,10
BRDA:61,7,0,10
BRDA:61,7,1,0
BRDA:63,8,0,10
BRDA:63,8,1,10
BRDA:114,9,0,1
BRDA:114,9,1,9
BRDA:114,10,0,10
BRDA:114,10,1,1
BRDA:132,11,0,0
BRDA:132,11,1,10
BRDA:137,12,0,0
BRDA:137,12,1,0
BRDA:162,13,0,7
BRDA:162,13,1,3
BRDA:171,14,0,0
BRDA:171,14,1,10
BRDA:172,15,0,0
BRDA:172,15,1,0
BRDA:174,16,0,0
BRDA:174,16,1,0
BRDA:177,17,0,0
BRDA:177,17,1,0
BRDA:181,18,0,0
BRDA:181,18,1,10
BRDA:182,19,0,0
BRDA:182,19,1,0
BRDA:188,20,0,0
BRDA:188,20,1,10
BRDA:189,21,0,0
BRDA:189,21,1,0
BRDA:189,22,0,0
BRDA:189,22,1,0
BRDA:191,23,0,0
BRDA:191,23,1,0
BRDA:196,24,0,10
BRDA:196,24,1,0
BRDA:204,25,0,0
BRDA:204,25,1,10
BRDA:204,26,0,10
BRDA:204,26,1,0
BRDA:210,27,0,1
BRDA:210,27,1,9
BRDA:210,28,0,10
BRDA:210,28,1,1
BRDA:216,29,0,7
BRDA:216,29,1,2
BRDA:216,30,0,9
BRDA:216,30,1,8
BRDA:221,31,0,1
BRDA:221,31,1,1
BRDA:223,32,0,1
BRDA:223,32,1,0
BRDA:256,33,0,8
BRDA:256,33,1,2
BRDA:257,34,0,8
BRDA:257,34,1,2
BRDA:278,35,0,9
BRDA:278,35,1,0
BRDA:303,36,0,7
BRDA:303,36,1,7
BRDA:303,36,2,0
BRDA:304,37,0,7
BRDA:304,37,1,0
BRDA:304,37,2,0
BRDA:305,38,0,7
BRDA:305,38,1,1
BRDA:338,39,0,6
BRDA:338,39,1,3
BRDA:338,40,0,9
BRDA:338,40,1,9
BRDA:363,41,0,0
BRDA:363,41,1,1
BRDA:366,42,0,0
BRDA:366,42,1,0
BRDA:380,43,0,0
BRDA:380,43,1,1
BRDA:380,44,0,1
BRDA:380,44,1,1
BRDA:380,44,2,0
BRDA:385,45,0,0
BRDA:385,45,1,0
BRDA:390,46,0,0
BRDA:390,46,1,1
BRDA:393,47,0,0
BRDA:393,47,1,0
BRDA:400,48,0,0
BRDA:400,48,1,1
BRDA:412,49,0,0
BRDA:412,49,1,0
BRDA:420,50,0,0
BRDA:420,50,1,0
BRDA:453,51,0,0
BRDA:456,52,0,0
BRDA:456,52,1,0
BRDA:456,53,0,0
BRDA:456,53,1,0
BRDA:456,53,2,0
BRDA:476,54,0,0
BRDA:476,54,1,0
BRDA:521,55,0,0
BRDA:521,55,1,0
BRDA:529,56,0,0
BRDA:529,56,1,0
BRDA:556,57,0,0
BRDA:556,57,1,0
BRDA:565,58,0,0
BRDA:565,58,1,0
BRDA:571,59,0,0
BRDA:571,59,1,0
BRDA:577,60,0,0
BRDA:577,60,1,0
BRDA:582,61,0,0
BRDA:582,61,1,0
BRDA:589,62,0,0
BRDA:589,62,1,0
BRDA:609,63,0,0
BRDA:609,63,1,0
BRF:131
BRH:57
end_of_record
TN:
SF:app/api/admin/content/[id]/route.ts
FN:14,handleStatusUpdate
FN:111,getContentHandler
FN:150,deleteContentHandler
FN:194,updateContentHandler
FN:292,DELETE
FN:301,PUT
FN:310,GET
FN:320,PATCH
FNF:8
FNH:0
FNDA:0,handleStatusUpdate
FNDA:0,getContentHandler
FNDA:0,deleteContentHandler
FNDA:0,updateContentHandler
FNDA:0,DELETE
FNDA:0,PUT
FNDA:0,GET
FNDA:0,PATCH
DA:8,0
DA:9,0
DA:21,0
DA:22,0
DA:23,0
DA:25,0
DA:27,0
DA:28,0
DA:29,0
DA:31,0
DA:32,0
DA:33,0
DA:34,0
DA:36,0
DA:39,0
DA:40,0
DA:41,0
DA:43,0
DA:44,0
DA:45,0
DA:46,0
DA:47,0
DA:50,0
DA:51,0
DA:52,0
DA:54,0
DA:55,0
DA:56,0
DA:57,0
DA:59,0
DA:62,0
DA:63,0
DA:64,0
DA:66,0
DA:67,0
DA:68,0
DA:69,0
DA:72,0
DA:76,0
DA:77,0
DA:78,0
DA:79,0
DA:81,0
DA:82,0
DA:83,0
DA:86,0
DA:87,0
DA:88,0
DA:90,0
DA:92,0
DA:99,0
DA:101,0
DA:102,0
DA:105,0
DA:112,0
DA:113,0
DA:114,0
DA:115,0
DA:118,0
DA:119,0
DA:121,0
DA:122,0
DA:125,0
DA:130,0
DA:131,0
DA:134,0
DA:140,0
DA:141,0
DA:144,0
DA:146,0
DA:151,0
DA:152,0
DA:153,0
DA:154,0
DA:156,0
DA:157,0
DA:159,0
DA:160,0
DA:164,0
DA:169,0
DA:170,0
DA:174,0
DA:179,0
DA:185,0
DA:186,0
DA:189,0
DA:190,0
DA:195,0
DA:196,0
DA:197,0
DA:198,0
DA:201,0
DA:202,0
DA:204,0
DA:205,0
DA:208,0
DA:218,0
DA:221,0
DA:222,0
DA:228,0
DA:229,0
DA:230,0
DA:232,0
DA:233,0
DA:234,0
DA:235,0
DA:238,0
DA:239,0
DA:240,0
DA:241,0
DA:244,0
DA:245,0
DA:246,0
DA:247,0
DA:249,0
DA:250,0
DA:251,0
DA:252,0
DA:256,0
DA:257,0
DA:260,0
DA:261,0
DA:262,0
DA:265,0
DA:267,0
DA:274,0
DA:276,0
DA:277,0
DA:280,0
DA:283,0
DA:284,0
DA:287,0
DA:288,0
DA:292,0
DA:293,0
DA:294,0
DA:296,0
DA:297,0
DA:301,0
DA:302,0
DA:303,0
DA:305,0
DA:306,0
DA:310,0
DA:311,0
DA:312,0
DA:313,0
DA:315,0
DA:316,0
DA:320,0
DA:321,0
DA:322,0
DA:324,0
DA:325,0
LF:154
LH:0
BRDA:25,0,0,0
BRDA:25,0,1,0
BRDA:25,0,2,0
BRDA:25,0,3,0
BRDA:25,0,4,0
BRDA:31,1,0,0
BRDA:31,1,1,0
BRDA:43,2,0,0
BRDA:43,2,1,0
BRDA:54,3,0,0
BRDA:54,3,1,0
BRDA:76,4,0,0
BRDA:76,4,1,0
BRDA:78,5,0,0
BRDA:78,5,1,0
BRDA:101,6,0,0
BRDA:101,6,1,0
BRDA:114,7,0,0
BRDA:114,7,1,0
BRDA:121,8,0,0
BRDA:121,8,1,0
BRDA:130,9,0,0
BRDA:130,9,1,0
BRDA:141,10,0,0
BRDA:141,10,1,0
BRDA:141,11,0,0
BRDA:141,11,1,0
BRDA:141,11,2,0
BRDA:153,12,0,0
BRDA:153,12,1,0
BRDA:159,13,0,0
BRDA:159,13,1,0
BRDA:169,14,0,0
BRDA:169,14,1,0
BRDA:185,15,0,0
BRDA:185,15,1,0
BRDA:185,16,0,0
BRDA:185,16,1,0
BRDA:197,17,0,0
BRDA:197,17,1,0
BRDA:204,18,0,0
BRDA:204,18,1,0
BRDA:221,19,0,0
BRDA:221,19,1,0
BRDA:232,20,0,0
BRDA:232,20,1,0
BRDA:238,21,0,0
BRDA:238,21,1,0
BRDA:244,22,0,0
BRDA:244,22,1,0
BRDA:249,23,0,0
BRDA:249,23,1,0
BRDA:256,24,0,0
BRDA:256,24,1,0
BRDA:276,25,0,0
BRDA:276,25,1,0
BRDA:283,26,0,0
BRDA:283,26,1,0
BRDA:283,27,0,0
BRDA:283,27,1,0
BRF:60
BRH:0
end_of_record
TN:
SF:app/api/admin/content/[id]/approve/route.ts
FN:11,approveContentHandler
FN:55,originalPOSTHandler
FN:68,(anonymous_6)
FN:71,(anonymous_7)
FNF:4
FNH:0
FNDA:0,approveContentHandler
FNDA:0,originalPOSTHandler
FNDA:0,(anonymous_6)
FNDA:0,(anonymous_7)
DA:1,0
DA:7,0
DA:8,0
DA:9,0
DA:12,0
DA:14,0
DA:15,0
DA:17,0
DA:18,0
DA:22,0
DA:35,0
DA:36,0
DA:39,0
DA:45,0
DA:46,0
DA:49,0
DA:50,0
DA:56,0
DA:57,0
DA:58,0
DA:60,0
DA:61,0
DA:66,0
DA:69,0
DA:71,0
DA:72,0
DA:73,0
DA:76,0
DA:82,0
DA:84,0
DA:86,0
DA:87,0
DA:88,0
LF:33
LH:0
BRDA:17,0,0,0
BRDA:17,0,1,0
BRDA:35,1,0,0
BRDA:35,1,1,0
BRDA:45,2,0,0
BRDA:45,2,1,0
BRDA:45,3,0,0
BRDA:45,3,1,0
BRF:8
BRH:0
end_of_record
TN:
SF:app/api/admin/content/[id]/post/route.ts
FN:10,postContentHandler
FN:75,POST
FNF:2
FNH:0
FNDA:0,postContentHandler
FNDA:0,POST
DA:7,0
DA:8,0
DA:11,0
DA:13,0
DA:14,0
DA:15,0
DA:17,0
DA:18,0
DA:22,0
DA:36,0
DA:38,0
DA:43,0
DA:44,0
DA:47,0
DA:48,0
DA:49,0
DA:51,0
DA:52,0
DA:56,0
DA:62,0
DA:67,0
DA:70,0
DA:71,0
DA:75,0
DA:76,0
DA:77,0
DA:79,0
DA:80,0
LF:28
LH:0
BRDA:17,0,0,0
BRDA:17,0,1,0
BRDA:36,1,0,0
BRDA:36,1,1,0
BRDA:43,2,0,0
BRDA:43,2,1,0
BRDA:48,3,0,0
BRDA:48,3,1,0
BRDA:51,4,0,0
BRDA:51,4,1,0
BRDA:62,5,0,0
BRDA:62,5,1,0
BRDA:62,6,0,0
BRDA:62,6,1,0
BRDA:62,6,2,0
BRDA:62,6,3,0
BRF:16
BRH:0
end_of_record
TN:
SF:app/api/admin/content/[id]/reject/route.ts
FN:11,rejectContentHandler
FN:21,(anonymous_5)
FN:60,originalPOSTHandler
FN:73,(anonymous_7)
FN:76,(anonymous_8)
FNF:5
FNH:0
FNDA:0,rejectContentHandler
FNDA:0,(anonymous_5)
FNDA:0,originalPOSTHandler
FNDA:0,(anonymous_7)
FNDA:0,(anonymous_8)
DA:1,0
DA:7,0
DA:8,0
DA:9,0
DA:12,0
DA:14,0
DA:15,0
DA:17,0
DA:18,0
DA:21,0
DA:22,0
DA:24,0
DA:27,0
DA:40,0
DA:41,0
DA:44,0
DA:50,0
DA:51,0
DA:54,0
DA:55,0
DA:61,0
DA:62,0
DA:63,0
DA:65,0
DA:66,0
DA:71,0
DA:74,0
DA:76,0
DA:77,0
DA:78,0
DA:81,0
DA:87,0
DA:89,0
DA:91,0
DA:92,0
DA:93,0
LF:36
LH:0
BRDA:17,0,0,0
BRDA:17,0,1,0
BRDA:24,1,0,0
BRDA:24,1,1,0
BRDA:40,2,0,0
BRDA:40,2,1,0
BRDA:50,3,0,0
BRDA:50,3,1,0
BRDA:50,4,0,0
BRDA:50,4,1,0
BRF:10
BRH:0
end_of_record
TN:
SF:app/api/admin/content/[id]/review/route.ts
FN:6,originalPUTHandler
FN:64,(anonymous_5)
FN:67,(anonymous_6)
FNF:3
FNH:0
FNDA:0,originalPUTHandler
FNDA:0,(anonymous_5)
FNDA:0,(anonymous_6)
DA:1,0
DA:2,0
DA:3,0
DA:10,0
DA:11,0
DA:12,0
DA:13,0
DA:15,0
DA:16,0
DA:22,0
DA:23,0
DA:29,0
DA:31,0
DA:32,0
DA:34,0
DA:40,0
DA:45,0
DA:47,0
DA:49,0
DA:50,0
DA:53,0
DA:54,0
DA:62,0
DA:65,0
DA:67,0
DA:70,0
DA:71,0
DA:72,0
DA:82,0
DA:84,0
DA:86,0
LF:31
LH:0
BRDA:15,0,0,0
BRDA:15,0,1,0
BRDA:22,1,0,0
BRDA:22,1,1,0
BRDA:22,2,0,0
BRDA:22,2,1,0
BRDA:32,3,0,0
BRDA:32,3,1,0
BRDA:43,4,0,0
BRDA:43,4,1,0
BRDA:43,5,0,0
BRDA:43,5,1,0
BRDA:71,6,0,0
BRDA:71,6,1,0
BRDA:77,7,0,0
BRDA:77,7,1,0
BRDA:77,7,2,0
BRF:17
BRH:0
end_of_record
TN:
SF:app/api/admin/content/[id]/schedule/route.ts
FN:7,originalPATCHHandler
FN:106,(anonymous_5)
FN:109,(anonymous_6)
FNF:3
FNH:0
FNDA:0,originalPATCHHandler
FNDA:0,(anonymous_5)
FNDA:0,(anonymous_6)
DA:1,0
DA:2,0
DA:3,0
DA:4,0
DA:11,0
DA:12,0
DA:13,0
DA:14,0
DA:17,0
DA:18,0
DA:21,0
DA:22,0
DA:23,0
DA:29,0
DA:30,0
DA:32,0
DA:33,0
DA:40,0
DA:41,0
DA:42,0
DA:49,0
DA:54,0
DA:56,0
DA:57,0
DA:64,0
DA:74,0
DA:76,0
DA:77,0
DA:83,0
DA:85,0
DA:95,0
DA:96,0
DA:104,0
DA:107,0
DA:109,0
DA:112,0
DA:113,0
DA:123,0
DA:125,0
DA:127,0
LF:40
LH:0
BRDA:13,0,0,0
BRDA:13,0,1,0
BRDA:13,1,0,0
BRDA:13,1,1,0
BRDA:22,2,0,0
BRDA:22,2,1,0
BRDA:32,3,0,0
BRDA:32,3,1,0
BRDA:41,4,0,0
BRDA:41,4,1,0
BRDA:41,5,0,0
BRDA:41,5,1,0
BRDA:56,6,0,0
BRDA:56,6,1,0
BRDA:76,7,0,0
BRDA:76,7,1,0
BRF:16
BRH:0
end_of_record
TN:
SF:app/api/admin/content/bulk/route.ts
FN:5,POST
FN:24,(anonymous_2)
FN:31,(anonymous_3)
FNF:3
FNH:0
FNDA:0,POST
FNDA:0,(anonymous_2)
FNDA:0,(anonymous_3)
DA:1,0
DA:2,0
DA:3,0
DA:5,0
DA:6,0
DA:7,0
DA:8,0
DA:9,0
DA:12,0
DA:13,0
DA:15,0
DA:16,0
DA:23,0
DA:24,0
DA:25,0
DA:31,0
DA:33,0
DA:34,0
DA:36,0
DA:38,0
DA:43,0
DA:44,0
DA:48,0
DA:49,0
DA:50,0
DA:51,0
DA:54,0
DA:55,0
DA:58,0
DA:66,0
DA:67,0
DA:68,0
DA:71,0
DA:75,0
DA:76,0
DA:79,0
DA:85,0
DA:87,0
DA:93,0
DA:94,0
LF:40
LH:0
BRDA:8,0,0,0
BRDA:8,0,1,0
BRDA:8,1,0,0
BRDA:8,1,1,0
BRDA:15,2,0,0
BRDA:15,2,1,0
BRDA:15,3,0,0
BRDA:15,3,1,0
BRDA:15,3,2,0
BRDA:24,4,0,0
BRDA:24,4,1,0
BRDA:36,5,0,0
BRDA:36,5,1,0
BRDA:36,5,2,0
BRDA:36,5,3,0
BRDA:54,6,0,0
BRDA:54,6,1,0
BRF:17
BRH:0
end_of_record
TN:
SF:app/api/admin/content/bulk-review/route.ts
FN:4,PUT
FN:27,(anonymous_2)
FNF:2
FNH:0
FNDA:0,PUT
FNDA:0,(anonymous_2)
DA:1,0
DA:2,0
DA:4,0
DA:5,0
DA:6,0
DA:8,0
DA:9,0
DA:15,0
DA:16,0
DA:22,0
DA:24,0
DA:25,0
DA:27,0
DA:29,0
DA:35,0
DA:36,0
DA:42,0
DA:44,0
DA:49,0
DA:50,0
DA:53,0
DA:54,0
LF:22
LH:0
BRDA:8,0,0,0
BRDA:8,0,1,0
BRDA:8,1,0,0
BRDA:8,1,1,0
BRDA:8,1,2,0
BRDA:15,2,0,0
BRDA:15,2,1,0
BRDA:15,3,0,0
BRDA:15,3,1,0
BRDA:25,4,0,0
BRDA:25,4,1,0
BRDA:39,5,0,0
BRDA:39,5,1,0
BRF:13
BRH:0
end_of_record
TN:
SF:app/api/admin/content/bulk-schedule/route.ts
FN:22,POST
FN:43,(anonymous_2)
FN:49,(anonymous_3)
FN:58,(anonymous_4)
FN:66,(anonymous_5)
FN:77,(anonymous_6)
FN:87,(anonymous_7)
FN:97,(anonymous_8)
FN:128,(anonymous_9)
FN:136,(anonymous_10)
FN:158,getNextMealTime
FNF:11
FNH:0
FNDA:0,POST
FNDA:0,(anonymous_2)
FNDA:0,(anonymous_3)
FNDA:0,(anonymous_4)
FNDA:0,(anonymous_5)
FNDA:0,(anonymous_6)
FNDA:0,(anonymous_7)
FNDA:0,(anonymous_8)
FNDA:0,(anonymous_9)
FNDA:0,(anonymous_10)
FNDA:0,getNextMealTime
DA:1,0
DA:2,0
DA:3,0
DA:4,0
DA:13,0
DA:22,0
DA:23,0
DA:24,0
DA:25,0
DA:26,0
DA:29,0
DA:30,0
DA:32,0
DA:33,0
DA:37,0
DA:42,0
DA:43,0
DA:46,0
DA:47,0
DA:49,0
DA:53,0
DA:55,0
DA:59,0
DA:61,0
DA:65,0
DA:67,0
DA:69,0
DA:73,0
DA:74,0
DA:75,0
DA:77,0
DA:78,0
DA:80,0
DA:83,0
DA:84,0
DA:86,0
DA:88,0
DA:90,0
DA:93,0
DA:97,0
DA:98,0
DA:100,0
DA:112,0
DA:115,0
DA:118,0
DA:128,0
DA:132,0
DA:136,0
DA:144,0
DA:151,0
DA:159,0
DA:160,0
DA:161,0
DA:164,0
DA:165,0
DA:167,0
DA:168,0
DA:169,0
DA:174,0
DA:175,0
DA:176,0
DA:177,0
LF:62
LH:0
BRDA:25,0,0,0
BRDA:25,0,1,0
BRDA:25,1,0,0
BRDA:25,1,1,0
BRDA:30,2,0,0
BRDA:32,3,0,0
BRDA:32,3,1,0
BRDA:32,4,0,0
BRDA:32,4,1,0
BRDA:46,5,0,0
BRDA:46,5,1,0
BRDA:55,6,0,0
BRDA:55,6,1,0
BRDA:55,6,2,0
BRDA:55,6,3,0
BRDA:55,6,4,0
BRDA:83,7,0,0
BRDA:83,7,1,0
BRDA:148,8,0,0
BRDA:148,8,1,0
BRDA:165,9,0,0
BRDA:165,9,1,0
BRDA:165,10,0,0
BRDA:165,10,1,0
BRDA:165,10,2,0
BRF:25
BRH:0
end_of_record
TN:
SF:app/api/admin/content/export/route.ts
FN:5,GET
FN:125,(anonymous_2)
FN:154,(anonymous_3)
FNF:3
FNH:0
FNDA:0,GET
FNDA:0,(anonymous_2)
FNDA:0,(anonymous_3)
DA:1,0
DA:2,0
DA:3,0
DA:5,0
DA:6,0
DA:7,0
DA:8,0
DA:9,0
DA:12,0
DA:13,0
DA:14,0
DA:15,0
DA:16,0
DA:17,0
DA:19,0
DA:20,0
DA:23,0
DA:24,0
DA:25,0
DA:27,0
DA:30,0
DA:31,0
DA:32,0
DA:36,0
DA:37,0
DA:38,0
DA:40,0
DA:42,0
DA:43,0
DA:44,0
DA:45,0
DA:46,0
DA:47,0
DA:49,0
DA:50,0
DA:51,0
DA:52,0
DA:53,0
DA:54,0
DA:56,0
DA:57,0
DA:58,0
DA:59,0
DA:61,0
DA:62,0
DA:63,0
DA:64,0
DA:65,0
DA:66,0
DA:68,0
DA:71,0
DA:72,0
DA:76,0
DA:79,0
DA:104,0
DA:107,0
DA:125,0
DA:126,0
DA:127,0
DA:128,0
DA:129,0
DA:130,0
DA:132,0
DA:152,0
DA:154,0
DA:158,0
DA:159,0
DA:161,0
DA:169,0
DA:170,0
LF:70
LH:0
BRDA:8,0,0,0
BRDA:8,0,1,0
BRDA:8,1,0,0
BRDA:8,1,1,0
BRDA:13,2,0,0
BRDA:13,2,1,0
BRDA:14,3,0,0
BRDA:14,3,1,0
BRDA:15,4,0,0
BRDA:15,4,1,0
BRDA:23,5,0,0
BRDA:23,5,1,0
BRDA:30,6,0,0
BRDA:30,6,1,0
BRDA:36,7,0,0
BRDA:36,7,1,0
BRDA:40,8,0,0
BRDA:40,8,1,0
BRDA:40,8,2,0
BRDA:40,8,3,0
BRDA:61,9,0,0
BRDA:61,9,1,0
BRDA:61,10,0,0
BRDA:61,10,1,0
BRDA:71,11,0,0
BRDA:71,11,1,0
BRDA:76,12,0,0
BRDA:76,12,1,0
BRDA:126,13,0,0
BRDA:126,13,1,0
BRDA:127,14,0,0
BRDA:127,14,1,0
BRDA:129,15,0,0
BRDA:129,15,1,0
BRDA:130,16,0,0
BRDA:130,16,1,0
BRDA:134,17,0,0
BRDA:134,17,1,0
BRDA:135,18,0,0
BRDA:135,18,1,0
BRDA:141,19,0,0
BRDA:141,19,1,0
BRDA:143,20,0,0
BRDA:143,20,1,0
BRDA:144,21,0,0
BRDA:144,21,1,0
BRDA:145,22,0,0
BRDA:145,22,1,0
BRDA:146,23,0,0
BRDA:146,23,1,0
BRF:50
BRH:0
end_of_record
TN:
SF:app/api/admin/content/history/route.ts
FN:5,GET
FN:135,(anonymous_2)
FNF:2
FNH:0
FNDA:0,GET
FNDA:0,(anonymous_2)
DA:1,0
DA:2,0
DA:3,0
DA:5,0
DA:6,0
DA:7,0
DA:8,0
DA:9,0
DA:12,0
DA:13,0
DA:14,0
DA:15,0
DA:16,0
DA:17,0
DA:18,0
DA:19,0
DA:20,0
DA:22,0
DA:23,0
DA:24,0
DA:27,0
DA:28,0
DA:29,0
DA:31,0
DA:34,0
DA:35,0
DA:36,0
DA:40,0
DA:41,0
DA:42,0
DA:44,0
DA:46,0
DA:47,0
DA:48,0
DA:49,0
DA:50,0
DA:51,0
DA:53,0
DA:54,0
DA:55,0
DA:56,0
DA:57,0
DA:58,0
DA:60,0
DA:61,0
DA:62,0
DA:63,0
DA:65,0
DA:66,0
DA:67,0
DA:68,0
DA:69,0
DA:70,0
DA:72,0
DA:75,0
DA:76,0
DA:80,0
DA:83,0
DA:84,0
DA:86,0
DA:87,0
DA:89,0
DA:95,0
DA:97,0
DA:101,0
DA:106,0
DA:107,0
DA:110,0
DA:131,0
DA:132,0
DA:135,0
DA:144,0
DA:146,0
DA:154,0
DA:155,0
LF:75
LH:0
BRDA:8,0,0,0
BRDA:8,0,1,0
BRDA:8,1,0,0
BRDA:8,1,1,0
BRDA:13,2,0,0
BRDA:13,2,1,0
BRDA:14,3,0,0
BRDA:14,3,1,0
BRDA:15,4,0,0
BRDA:15,4,1,0
BRDA:16,5,0,0
BRDA:16,5,1,0
BRDA:17,6,0,0
BRDA:17,6,1,0
BRDA:18,7,0,0
BRDA:18,7,1,0
BRDA:27,8,0,0
BRDA:27,8,1,0
BRDA:34,9,0,0
BRDA:34,9,1,0
BRDA:40,10,0,0
BRDA:40,10,1,0
BRDA:44,11,0,0
BRDA:44,11,1,0
BRDA:44,11,2,0
BRDA:44,11,3,0
BRDA:65,12,0,0
BRDA:65,12,1,0
BRDA:65,13,0,0
BRDA:65,13,1,0
BRDA:75,14,0,0
BRDA:75,14,1,0
BRDA:80,15,0,0
BRDA:80,15,1,0
BRDA:84,16,0,0
BRDA:84,16,1,0
BRDA:84,16,2,0
BRDA:137,17,0,0
BRDA:137,17,1,0
BRDA:139,18,0,0
BRDA:139,18,1,0
BRDA:140,19,0,0
BRDA:140,19,1,0
BRDA:141,20,0,0
BRDA:141,20,1,0
BRDA:141,21,0,0
BRDA:141,21,1,0
BRDA:141,22,0,0
BRDA:141,22,1,0
BRF:49
BRH:0
end_of_record
TN:
SF:app/api/admin/content/metrics/route.ts
FN:12,GET
FN:42,(anonymous_2)
FN:124,(anonymous_3)
FN:155,(anonymous_4)
FNF:4
FNH:0
FNDA:0,GET
FNDA:0,(anonymous_2)
FNDA:0,(anonymous_3)
FNDA:0,(anonymous_4)
DA:7,0
DA:9,0
DA:10,0
DA:12,0
DA:13,0
DA:14,0
DA:17,0
DA:18,0
DA:20,0
DA:21,0
DA:25,0
DA:30,0
DA:32,0
DA:42,0
DA:43,0
DA:44,0
DA:45,0
DA:50,0
DA:51,0
DA:53,0
DA:64,0
DA:65,0
DA:67,0
DA:68,0
DA:69,0
DA:70,0
DA:71,0
DA:74,0
DA:82,0
DA:83,0
DA:85,0
DA:86,0
DA:89,0
DA:90,0
DA:94,0
DA:95,0
DA:96,0
DA:98,0
DA:99,0
DA:101,0
DA:102,0
DA:104,0
DA:105,0
DA:109,0
DA:122,0
DA:124,0
DA:133,0
DA:150,0
DA:155,0
DA:160,0
DA:163,0
LF:51
LH:0
BRDA:20,0,0,0
BRDA:20,0,1,0
BRDA:20,1,0,0
BRDA:20,1,1,0
BRDA:44,2,0,0
BRDA:44,2,1,0
BRDA:67,3,0,0
BRDA:67,3,1,0
BRDA:68,4,0,0
BRDA:68,4,1,0
BRDA:69,5,0,0
BRDA:69,5,1,0
BRDA:71,6,0,0
BRDA:71,6,1,0
BRDA:85,7,0,0
BRDA:85,7,1,0
BRDA:86,8,0,0
BRDA:86,8,1,0
BRDA:89,9,0,0
BRDA:89,9,1,0
BRDA:90,10,0,0
BRDA:90,10,1,0
BRDA:95,11,0,0
BRDA:95,11,1,0
BRDA:98,12,0,0
BRDA:98,12,1,0
BRDA:101,13,0,0
BRDA:101,13,1,0
BRDA:104,14,0,0
BRDA:104,14,1,0
BRDA:127,15,0,0
BRDA:127,15,1,0
BRDA:129,16,0,0
BRDA:129,16,1,0
BRDA:130,17,0,0
BRDA:130,17,1,0
BRF:36
BRH:0
end_of_record
TN:
SF:app/api/admin/content/posted/route.ts
FN:6,GET
FNF:1
FNH:0
FNDA:0,GET
DA:1,0
DA:2,0
DA:3,0
DA:4,0
DA:6,0
DA:7,0
DA:8,0
DA:9,0
DA:10,0
DA:12,0
DA:13,0
DA:18,0
DA:19,0
DA:21,0
DA:32,0
DA:39,0
LF:16
LH:0
BRDA:9,0,0,0
BRDA:9,0,1,0
BRDA:10,1,0,0
BRDA:10,1,1,0
BRDA:12,2,0,0
BRDA:12,2,1,0
[...]
BRDA:142,13,0,0
BRDA:142,13,1,0
BRDA:147,14,0,0
BRDA:147,14,1,0
BRF:29
BRH:0
end_of_record
TN:
SF:lib/utils/content-deduplication.ts
FN:16,generateContentHash
FN:39,(anonymous_7)
FN:57,generateSimilarityHash
FN:87,isDuplicateContent
FN:180,calculateTextSimilarity
FN:183,(anonymous_11)
FN:206,saveContentSafely
FNF:7
FNH:0
FNDA:0,generateContentHash
FNDA:0,(anonymous_7)
FNDA:0,generateSimilarityHash
FNDA:0,isDuplicateContent
FNDA:0,calculateTextSimilarity
FNDA:0,(anonymous_11)
FNDA:0,saveContentSafely
DA:1,0
DA:2,0
DA:16,0
DA:18,0
DA:27,0
DA:38,0
DA:39,0
DA:43,0
DA:44,0
DA:49,0
DA:57,0
DA:59,0
DA:60,0
DA:66,0
DA:67,0
DA:74,0
DA:79,0
DA:87,0
DA:92,0
DA:95,0
DA:96,0
DA:102,0
DA:103,0
DA:112,0
DA:113,0
DA:119,0
DA:120,0
DA:129,0
DA:130,0
DA:136,0
DA:137,0
DA:146,0
DA:148,0
DA:149,0
DA:155,0
DA:157,0
DA:158,0
DA:163,0
DA:164,0
DA:174,0
DA:181,0
DA:183,0
DA:184,0
DA:185,0
DA:187,0
DA:190,0
DA:191,0
DA:193,0
DA:194,0
DA:195,0
DA:196,0
DA:200,0
DA:206,0
DA:213,0
DA:215,0
DA:221,0
DA:222,0
DA:223,0
DA:230,0
DA:231,0
DA:237,0
DA:239,0
DA:240,0
DA:246,0
DA:251,0
DA:257,0
LF:66
LH:0
BRDA:18,0,0,0
BRDA:18,0,1,0
BRDA:28,1,0,0
BRDA:28,1,1,0
BRDA:30,2,0,0
BRDA:30,2,1,0
BRDA:31,3,0,0
BRDA:31,3,1,0
BRDA:32,4,0,0
BRDA:32,4,1,0
BRDA:34,5,0,0
BRDA:34,5,1,0
BRDA:43,6,0,0
BRDA:43,6,1,0
BRDA:43,7,0,0
BRDA:43,7,1,0
BRDA:59,8,0,0
BRDA:59,8,1,0
BRDA:66,9,0,0
BRDA:66,9,1,0
BRDA:66,10,0,0
BRDA:66,10,1,0
BRDA:80,11,0,0
BRDA:80,11,1,0
BRDA:95,12,0,0
BRDA:95,12,1,0
BRDA:102,13,0,0
BRDA:102,13,1,0
BRDA:112,14,0,0
BRDA:112,14,1,0
BRDA:119,15,0,0
BRDA:119,15,1,0
BRDA:129,16,0,0
BRDA:129,16,1,0
BRDA:136,17,0,0
BRDA:136,17,1,0
BRDA:146,18,0,0
BRDA:146,18,1,0
BRDA:146,19,0,0
BRDA:146,19,1,0
BRDA:155,20,0,0
BRDA:155,20,1,0
BRDA:155,21,0,0
BRDA:155,21,1,0
BRDA:160,22,0,0
BRDA:160,22,1,0
BRDA:163,23,0,0
BRDA:163,23,1,0
BRDA:181,24,0,0
BRDA:181,24,1,0
BRDA:181,25,0,0
BRDA:181,25,1,0
BRDA:187,26,0,0
BRDA:187,26,1,0
BRDA:190,27,0,0
BRDA:190,27,1,0
BRDA:191,28,0,0
BRDA:191,28,1,0
BRDA:195,29,0,0
BRDA:195,29,1,0
BRDA:222,30,0,0
BRDA:222,30,1,0
BRDA:237,31,0,0
BRDA:237,31,1,0
BRDA:239,32,0,0
BRDA:239,32,1,0
BRDA:239,33,0,0
BRDA:239,33,1,0
BRDA:239,33,2,0
BRDA:258,34,0,0
BRDA:258,34,1,0
BRF:71
BRH:0
end_of_record
TN:
SF:lib/utils/content-hash.ts
FN:14,(anonymous_5)
FN:47,(anonymous_6)
FN:58,(anonymous_7)
FN:69,(anonymous_8)
FN:79,(anonymous_9)
FN:102,(anonymous_10)
FN:151,(anonymous_11)
FN:152,(anonymous_12)
FN:153,(anonymous_13)
FN:155,(anonymous_14)
FN:164,(anonymous_15)
FN:199,generateContentHash
FN:203,checkContentSimilarity
FNF:13
FNH:13
FNDA:14,(anonymous_5)
FNDA:6,(anonymous_6)
FNDA:21,(anonymous_7)
FNDA:46,(anonymous_8)
FNDA:552,(anonymous_9)
FNDA:8,(anonymous_10)
FNDA:2,(anonymous_11)
FNDA:9,(anonymous_12)
FNDA:11,(anonymous_13)
FNDA:9,(anonymous_14)
FNDA:3,(anonymous_15)
FNDA:1,generateContentHash
FNDA:1,checkContentSimilarity
DA:1,1
DA:10,23
DA:16,14
DA:20,14
DA:24,14
DA:28,14
DA:31,14
DA:38,14
DA:48,6
DA:49,6
DA:59,21
DA:70,46
DA:71,46
DA:74,46
DA:79,46
DA:80,552
DA:84,46
DA:87,46
DA:90,46
DA:92,46
DA:95,0
DA:104,8
DA:105,8
DA:107,8
DA:108,3
DA:112,5
DA:113,1
DA:114,1
DA:115,1
DA:116,1
DA:120,4
DA:121,1
DA:122,1
DA:123,1
DA:124,1
DA:129,3
DA:130,3
DA:131,3
DA:134,3
DA:135,1
DA:139,2
DA:140,2
DA:141,1
DA:145,1
DA:152,9
DA:153,11
DA:155,9
DA:156,2
DA:158,2
DA:170,3
DA:171,3
DA:174,3
DA:175,2
DA:182,3
DA:183,3
DA:184,2
DA:190,3
DA:199,1
DA:200,1
DA:203,1
DA:207,1
LF:61
LH:60
BRDA:16,0,0,13
BRDA:16,0,1,1
BRDA:20,1,0,3
BRDA:20,1,1,11
BRDA:24,2,0,1
BRDA:24,2,1,13
BRDA:90,3,0,46
BRDA:90,3,1,0
BRDA:107,4,0,3
BRDA:107,4,1,5
BRDA:112,5,0,1
BRDA:112,5,1,4
BRDA:112,6,0,5
BRDA:112,6,1,1
BRDA:115,7,0,1
BRDA:115,7,1,0
BRDA:120,8,0,1
BRDA:120,8,1,3
BRDA:120,9,0,4
BRDA:120,9,1,1
BRDA:123,10,0,1
BRDA:123,10,1,0
BRDA:129,11,0,3
BRDA:129,11,1,0
BRDA:129,12,0,3
BRDA:129,12,1,3
BRDA:134,13,0,1
BRDA:134,13,1,2
BRDA:140,14,0,1
BRDA:140,14,1,1
BRDA:158,15,0,0
BRDA:158,15,1,2
BRDA:174,16,0,2
BRDA:174,16,1,1
BRDA:182,17,0,3
BRDA:182,17,1,1
BRDA:183,18,0,2
BRDA:183,18,1,1
BRF:38
BRH:33
end_of_record
TN:
SF:lib/utils/enhanced-duplicate-detection.ts
FN:14,checkForDuplicate
FN:154,calculateSimilarity
FN:157,(anonymous_6)
FN:184,checkBatchForDuplicates
FN:201,insertContentSafely
FNF:5
FNH:0
FNDA:0,checkForDuplicate
FNDA:0,calculateSimilarity
FNDA:0,(anonymous_6)
FNDA:0,checkBatchForDuplicates
FNDA:0,insertContentSafely
DA:1,0
DA:2,0
DA:14,0
DA:15,0
DA:18,0
DA:21,0
DA:27,0
DA:28,0
DA:37,0
DA:38,0
DA:44,0
DA:45,0
DA:55,0
DA:56,0
DA:62,0
DA:63,0
DA:73,0
DA:74,0
DA:80,0
DA:81,0
DA:91,0
DA:92,0
DA:99,0
DA:100,0
DA:110,0
DA:112,0
DA:118,0
DA:124,0
DA:125,0
DA:127,0
DA:128,0
DA:131,0
DA:136,0
DA:137,0
DA:148,0
DA:155,0
DA:157,0
DA:158,0
DA:163,0
DA:164,0
DA:166,0
DA:169,0
DA:170,0
DA:172,0
DA:173,0
DA:174,0
DA:177,0
DA:178,0
DA:184,0
DA:187,0
DA:190,0
DA:191,0
DA:192,0
DA:195,0
DA:201,0
DA:208,0
DA:210,0
DA:212,0
DA:213,0
DA:221,0
DA:224,0
DA:225,0
DA:231,0
DA:233,0
DA:238,0
DA:245,0
DA:251,0
DA:257,0
LF:68
LH:0
BRDA:27,0,0,0
BRDA:27,0,1,0
BRDA:37,1,0,0
BRDA:37,1,1,0
BRDA:44,2,0,0
BRDA:44,2,1,0
BRDA:55,3,0,0
BRDA:55,3,1,0
BRDA:62,4,0,0
BRDA:62,4,1,0
BRDA:73,5,0,0
BRDA:73,5,1,0
BRDA:80,6,0,0
BRDA:80,6,1,0
BRDA:91,7,0,0
BRDA:91,7,1,0
BRDA:91,8,0,0
BRDA:91,8,1,0
BRDA:99,9,0,0
BRDA:99,9,1,0
BRDA:110,10,0,0
BRDA:110,10,1,0
BRDA:110,11,0,0
BRDA:110,11,1,0
BRDA:124,12,0,0
BRDA:124,12,1,0
BRDA:124,13,0,0
BRDA:124,13,1,0
BRDA:127,14,0,0
BRDA:127,14,1,0
BRDA:133,15,0,0
BRDA:133,15,1,0
BRDA:136,16,0,0
BRDA:136,16,1,0
BRDA:155,17,0,0
BRDA:155,17,1,0
BRDA:155,18,0,0
BRDA:155,18,1,0
BRDA:166,19,0,0
BRDA:166,19,1,0
BRDA:174,20,0,0
BRDA:174,20,1,0
BRDA:212,21,0,0
BRDA:212,21,1,0
BRDA:231,22,0,0
BRDA:231,22,1,0
BRDA:233,23,0,0
BRDA:233,23,1,0
BRDA:234,24,0,0
BRDA:234,24,1,0
BRDA:234,24,2,0
BRDA:259,25,0,0
BRDA:259,25,1,0
BRF:53
BRH:0
end_of_record
TN:
SF:lib/utils/errorHandler.ts
FN:18,errorHandler
FN:68,validationError
FN:77,authenticationError
FN:86,authorizationError
FN:95,notFoundError
FN:106,databaseError
FN:117,externalApiError
FN:127,withErrorHandling
FN:130,(anonymous_19)
FN:145,safeAsync
FNF:10
FNH:0
FNDA:0,errorHandler
FNDA:0,validationError
FNDA:0,authenticationError
FNDA:0,authorizationError
FNDA:0,notFoundError
FNDA:0,databaseError
FNDA:0,externalApiError
FNDA:0,withErrorHandling
FNDA:0,(anonymous_19)
FNDA:0,safeAsync
DA:1,0
DA:18,0
DA:24,0
DA:31,0
DA:32,0
DA:43,0
DA:46,0
DA:59,0
DA:68,0
DA:69,0
DA:77,0
DA:78,0
DA:86,0
DA:87,0
DA:95,0
DA:96,0
DA:97,0
DA:106,0
DA:107,0
DA:108,0
DA:117,0
DA:118,0
DA:119,0
DA:127,0
DA:130,0
DA:131,0
DA:132,0
DA:134,0
DA:145,0
DA:149,0
DA:150,0
DA:152,0
DA:157,0
LF:33
LH:0
BRDA:20,0,0,0
BRDA:24,1,0,0
BRDA:24,1,1,0
BRDA:26,2,0,0
BRDA:26,2,1,0
BRDA:34,3,0,0
BRDA:34,3,1,0
BRDA:37,4,0,0
BRDA:37,4,1,0
BRDA:50,5,0,0
BRDA:50,5,1,0
BRDA:51,6,0,0
BRDA:51,6,1,0
BRDA:77,7,0,0
BRDA:86,8,0,0
BRDA:96,9,0,0
BRDA:96,9,1,0
BRDA:107,10,0,0
BRDA:107,10,1,0
BRDA:118,11,0,0
BRDA:118,11,1,0
BRDA:147,12,0,0
BRF:22
BRH:0
end_of_record
TN:
SF:lib/utils/media-utils.ts
FN:26,extractYouTubeVideoId
FN:48,getYouTubeEmbedUrl
FN:76,getImgurDirectUrl
FN:103,getGiphyDirectUrl
FN:125,getRedditDirectUrl
FN:152,ensureHttps
FN:160,detectMediaType
FN:195,getMediaInfo
FN:284,generateIframeHtml
FN:319,getMediaFallback
FN:361,isValidMediaUrl
FN:375,getLoadingPlaceholder
FNF:12
FNH:0
FNDA:0,extractYouTubeVideoId
FNDA:0,getYouTubeEmbedUrl
FNDA:0,getImgurDirectUrl
FNDA:0,getGiphyDirectUrl
FNDA:0,getRedditDirectUrl
FNDA:0,ensureHttps
FNDA:0,detectMediaType
FNDA:0,getMediaInfo
FNDA:0,generateIframeHtml
FNDA:0,getMediaFallback
FNDA:0,isValidMediaUrl
FNDA:0,getLoadingPlaceholder
DA:8,0
DA:26,0
DA:27,0
DA:29,0
DA:35,0
DA:36,0
DA:37,0
DA:38,0
DA:42,0
DA:48,0
DA:54,0
DA:55,0
DA:57,0
DA:70,0
DA:76,0
DA:77,0
DA:80,0
DA:81,0
DA:85,0
DA:86,0
DA:87,0
DA:89,0
DA:93,0
DA:94,0
DA:97,0
DA:103,0
DA:104,0
DA:107,0
DA:108,0
DA:112,0
DA:113,0
DA:114,0
DA:116,0
DA:119,0
DA:125,0
DA:126,0
DA:129,0
DA:131,0
DA:135,0
DA:136,0
DA:140,0
DA:141,0
DA:143,0
DA:146,0
DA:152,0
DA:153,0
DA:154,0
DA:160,0
DA:161,0
DA:163,0
DA:166,0
DA:167,0
DA:171,0
DA:172,0
DA:176,0
DA:177,0
DA:181,0
DA:182,0
DA:185,0
DA:186,0
DA:189,0
DA:195,0
DA:200,0
DA:201,0
DA:210,0
DA:212,0
DA:213,0
DA:214,0
DA:217,0
DA:219,0
DA:220,0
DA:221,0
DA:226,0
DA:227,0
DA:229,0
DA:232,0
DA:233,0
DA:234,0
DA:235,0
DA:236,0
DA:239,0
DA:240,0
DA:241,0
DA:242,0
DA:245,0
DA:246,0
DA:247,0
DA:248,0
DA:255,0
DA:256,0
DA:257,0
DA:261,0
DA:262,0
DA:263,0
DA:264,0
DA:267,0
DA:284,0
DA:298,0
DA:300,0
DA:319,0
DA:323,0
DA:335,0
DA:336,0
DA:339,0
DA:352,0
DA:361,0
DA:362,0
DA:364,0
DA:365,0
DA:366,0
DA:368,0
DA:375,0
DA:376,0
DA:388,0
LF:114
LH:0
BRDA:27,0,0,0
BRDA:27,0,1,0
BRDA:37,1,0,0
BRDA:37,1,1,0
BRDA:37,2,0,0
BRDA:37,2,1,0
BRDA:48,3,0,0
BRDA:55,4,0,0
BRDA:55,4,1,0
BRDA:58,5,0,0
BRDA:58,5,1,0
BRDA:59,6,0,0
BRDA:59,6,1,0
BRDA:60,7,0,0
BRDA:60,7,1,0
BRDA:61,8,0,0
BRDA:61,8,1,0
BRDA:67,9,0,0
BRDA:67,9,1,0
BRDA:77,10,0,0
BRDA:77,10,1,0
BRDA:80,11,0,0
BRDA:80,11,1,0
BRDA:86,12,0,0
BRDA:86,12,1,0
BRDA:93,13,0,0
BRDA:93,13,1,0
BRDA:104,14,0,0
BRDA:104,14,1,0
BRDA:107,15,0,0
BRDA:107,15,1,0
BRDA:107,16,0,0
BRDA:107,16,1,0
BRDA:113,17,0,0
BRDA:113,17,1,0
BRDA:126,18,0,0
BRDA:126,18,1,0
BRDA:129,19,0,0
BRDA:129,19,1,0
BRDA:135,20,0,0
BRDA:135,20,1,0
BRDA:141,21,0,0
BRDA:141,21,1,0
BRDA:153,22,0,0
BRDA:153,22,1,0
BRDA:161,23,0,0
BRDA:161,23,1,0
BRDA:166,24,0,0
BRDA:166,24,1,0
BRDA:171,25,0,0
BRDA:171,25,1,0
BRDA:176,26,0,0
BRDA:176,26,1,0
BRDA:181,27,0,0
BRDA:181,27,1,0
BRDA:181,28,0,0
BRDA:181,28,1,0
BRDA:185,29,0,0
BRDA:185,29,1,0
BRDA:200,30,0,0
BRDA:200,30,1,0
BRDA:217,31,0,0
BRDA:217,31,1,0
BRDA:217,31,2,0
BRDA:217,31,3,0
BRDA:217,31,4,0
BRDA:217,31,5,0
BRDA:217,31,6,0
BRDA:217,31,7,0
BRDA:217,31,8,0
BRDA:220,32,0,0
BRDA:220,32,1,0
BRDA:234,33,0,0
BRDA:234,33,1,0
BRDA:261,34,0,0
BRDA:261,34,1,0
BRDA:263,35,0,0
BRDA:263,35,1,0
BRDA:264,36,0,0
BRDA:264,36,1,0
BRDA:276,37,0,0
BRDA:276,37,1,0
BRDA:277,38,0,0
BRDA:277,38,1,0
BRDA:286,39,0,0
BRDA:294,40,0,0
BRDA:295,41,0,0
BRDA:296,42,0,0
BRDA:297,43,0,0
BRDA:335,44,0,0
BRDA:335,44,1,0
BRDA:362,45,0,0
BRDA:362,45,1,0
BRDA:366,46,0,0
BRDA:366,46,1,0
BRDA:375,47,0,0
BRDA:375,48,0,0
BRF:97
BRH:0
end_of_record
TN:
SF:lib/utils/platform-diversity.ts
FN:48,analyzePlatformDiversity
FN:97,(anonymous_6)
FN:106,(anonymous_7)
FN:112,(anonymous_8)
FN:133,(anonymous_9)
FN:159,(anonymous_10)
FN:176,selectDiverseContent
FN:243,(anonymous_12)
FN:254,(anonymous_13)
FN:290,(anonymous_14)
FN:329,getPlatformRotationForMeal
FN:377,getDiversityAnalytics
FN:429,(anonymous_17)
FN:443,(anonymous_18)
FN:454,(anonymous_19)
FN:483,(anonymous_20)
FN:485,(anonymous_21)
FN:511,(anonymous_22)
FNF:18
FNH:0
FNDA:0,analyzePlatformDiversity
FNDA:0,(anonymous_6)
FNDA:0,(anonymous_7)
FNDA:0,(anonymous_8)
FNDA:0,(anonymous_9)
FNDA:0,(anonymous_10)
FNDA:0,selectDiverseContent
FNDA:0,(anonymous_12)
FNDA:0,(anonymous_13)
FNDA:0,(anonymous_14)
FNDA:0,getPlatformRotationForMeal
FNDA:0,getDiversityAnalytics
FNDA:0,(anonymous_17)
FNDA:0,(anonymous_18)
FNDA:0,(anonymous_19)
FNDA:0,(anonymous_20)
FNDA:0,(anonymous_21)
FNDA:0,(anonymous_22)
DA:1,0
DA:2,0
DA:26,0
DA:38,0
DA:48,0
DA:56,0
DA:60,0
DA:61,0
DA:64,0
DA:76,0
DA:78,0
DA:81,0
DA:93,0
DA:94,0
DA:97,0
DA:106,0
DA:109,0
DA:110,0
DA:112,0
DA:113,0
DA:114,0
DA:116,0
DA:117,0
DA:121,0
DA:122,0
DA:123,0
DA:124,0
DA:127,0
DA:129,0
DA:130,0
DA:133,0
DA:134,0
DA:137,0
DA:138,0
DA:142,0
DA:143,0
DA:144,0
DA:145,0
DA:146,0
DA:148,0
DA:149,0
DA:151,0
DA:154,0
DA:155,0
DA:158,0
DA:159,0
DA:160,0
DA:164,0
DA:176,0
DA:177,0
DA:184,0
DA:186,0
DA:189,0
DA:190,0
DA:199,0
DA:200,0
DA:202,0
DA:213,0
DA:215,0
DA:217,0
DA:229,0
DA:230,0
DA:233,0
DA:236,0
DA:237,0
DA:240,0
DA:243,0
DA:244,0
DA:247,0
DA:248,0
DA:253,0
DA:254,0
DA:255,0
DA:258,0
DA:259,0
DA:260,0
DA:261,0
DA:266,0
DA:269,0
DA:270,0
DA:274,0
DA:280,0
DA:290,0
DA:293,0
DA:294,0
DA:295,0
DA:297,0
DA:299,0
DA:300,0
DA:301,0
DA:304,0
DA:305,0
DA:306,0
DA:308,0
DA:310,0
DA:311,0
DA:315,0
DA:316,0
DA:319,0
DA:320,0
DA:321,0
DA:323,0
DA:329,0
DA:334,0
DA:367,0
DA:377,0
DA:392,0
DA:395,0
DA:400,0
DA:401,0
DA:403,0
DA:414,0
DA:416,0
DA:418,0
DA:429,0
DA:438,0
DA:439,0
DA:440,0
DA:443,0
DA:444,0
DA:454,0
DA:455,0
DA:456,0
DA:457,0
DA:459,0
DA:460,0
DA:469,0
DA:470,0
DA:473,0
DA:474,0
DA:477,0
DA:478,0
DA:483,0
DA:484,0
DA:485,0
DA:487,0
DA:488,0
DA:489,0
DA:490,0
DA:491,0
DA:492,0
DA:493,0
DA:494,0
DA:496,0
DA:501,0
DA:502,0
DA:511,0
DA:512,0
DA:514,0
LF:149
LH:0
BRDA:60,0,0,0
BRDA:60,0,1,0
BRDA:76,1,0,0
BRDA:76,1,1,0
BRDA:93,2,0,0
BRDA:93,2,1,0
BRDA:97,3,0,0
BRDA:97,3,1,0
BRDA:116,4,0,0
BRDA:116,4,1,0
BRDA:117,5,0,0
BRDA:117,5,1,0
BRDA:124,6,0,0
BRDA:124,6,1,0
BRDA:129,7,0,0
BRDA:129,7,1,0
BRDA:134,8,0,0
BRDA:134,8,1,0
BRDA:137,9,0,0
BRDA:137,9,1,0
BRDA:137,10,0,0
BRDA:137,10,1,0
BRDA:145,11,0,0
BRDA:145,11,1,0
BRDA:148,12,0,0
BRDA:148,12,1,0
BRDA:154,13,0,0
BRDA:154,13,1,0
BRDA:158,14,0,0
BRDA:158,14,1,0
BRDA:176,15,0,0
BRDA:179,16,0,0
BRDA:181,17,0,0
BRDA:182,18,0,0
BRDA:183,19,0,0
BRDA:199,20,0,0
BRDA:199,20,1,0
BRDA:213,21,0,0
BRDA:213,21,1,0
BRDA:229,22,0,0
BRDA:229,22,1,0
BRDA:233,23,0,0
BRDA:233,23,1,0
BRDA:236,24,0,0
BRDA:236,24,1,0
BRDA:236,25,0,0
BRDA:236,25,1,0
BRDA:248,26,0,0
BRDA:248,26,1,0
BRDA:253,27,0,0
BRDA:253,27,1,0
BRDA:258,28,0,0
BRDA:258,28,1,0
BRDA:260,29,0,0
BRDA:260,29,1,0
BRDA:266,30,0,0
BRDA:266,30,1,0
BRDA:269,31,0,0
BRDA:269,31,1,0
BRDA:270,32,0,0
BRDA:270,32,1,0
BRDA:270,33,0,0
BRDA:270,33,1,0
BRDA:299,34,0,0
BRDA:299,34,1,0
BRDA:299,35,0,0
BRDA:299,35,1,0
BRDA:310,36,0,0
BRDA:310,36,1,0
BRDA:315,37,0,0
BRDA:315,37,1,0
BRDA:367,38,0,0
BRDA:367,38,1,0
BRDA:400,39,0,0
BRDA:400,39,1,0
BRDA:414,40,0,0
BRDA:414,40,1,0
BRDA:429,41,0,0
BRDA:429,41,1,0
BRDA:459,42,0,0
BRDA:459,42,1,0
BRDA:471,43,0,0
BRDA:471,43,1,0
BRDA:473,44,0,0
BRDA:473,44,1,0
BRDA:477,45,0,0
BRDA:477,45,1,0
BRDA:477,46,0,0
BRDA:477,46,1,0
BRDA:487,47,0,0
BRDA:487,47,1,0
BRDA:489,48,0,0
BRDA:489,48,1,0
BRDA:491,49,0,0
BRDA:491,49,1,0
BRDA:493,50,0,0
BRDA:493,50,1,0
BRDA:511,51,0,0
BRDA:511,51,1,0
BRF:99
BRH:0
end_of_record
TN:
SF:lib/utils/posting-deduplication.ts
FN:21,selectUniqueContentToPost
FN:151,calculateTextSimilarity
FN:154,(anonymous_5)
FN:173,(anonymous_6)
FN:181,verifyContentUniqueness
FN:233,(anonymous_8)
FNF:6
FNH:0
FNDA:0,selectUniqueContentToPost
FNDA:0,calculateTextSimilarity
FNDA:0,(anonymous_5)
FNDA:0,(anonymous_6)
FNDA:0,verifyContentUniqueness
FNDA:0,(anonymous_8)
DA:1,0
DA:2,0
DA:21,0
DA:27,0
DA:28,0
DA:30,0
DA:33,0
DA:46,0
DA:47,0
DA:49,0
DA:51,0
DA:52,0
DA:55,0
DA:56,0
DA:59,0
DA:62,0
DA:75,0
DA:76,0
DA:79,0
DA:80,0
DA:83,0
DA:85,0
DA:86,0
DA:87,0
DA:89,0
DA:91,0
DA:92,0
DA:95,0
DA:96,0
DA:97,0
DA:98,0
DA:102,0
DA:103,0
DA:104,0
DA:105,0
DA:109,0
DA:110,0
DA:111,0
DA:112,0
DA:116,0
DA:117,0
DA:118,0
DA:119,0
DA:120,0
DA:121,0
DA:127,0
DA:128,0
DA:130,0
DA:133,0
DA:134,0
DA:139,0
DA:141,0
DA:142,0
DA:145,0
DA:152,0
DA:154,0
DA:155,0
DA:160,0
DA:161,0
DA:163,0
DA:166,0
DA:167,0
DA:171,0
DA:172,0
DA:173,0
DA:175,0
DA:181,0
DA:186,0
DA:188,0
DA:189,0
DA:192,0
DA:194,0
DA:195,0
DA:199,0
DA:201,0
DA:202,0
DA:205,0
DA:208,0
DA:214,0
DA:215,0
DA:219,0
DA:225,0
DA:226,0
DA:231,0
DA:232,0
DA:233,0
DA:235,0
DA:236,0
DA:239,0
DA:241,0
LF:90
LH:0
BRDA:21,0,0,0
BRDA:28,1,0,0
BRDA:28,2,0,0
BRDA:46,3,0,0
BRDA:46,3,1,0
BRDA:47,4,0,0
BRDA:47,4,1,0
BRDA:51,5,0,0
BRDA:51,5,1,0
BRDA:55,6,0,0
BRDA:55,6,1,0
BRDA:55,7,0,0
BRDA:55,7,1,0
BRDA:75,8,0,0
BRDA:75,8,1,0
BRDA:79,9,0,0
BRDA:79,9,1,0
BRDA:89,10,0,0
BRDA:89,10,1,0
BRDA:95,11,0,0
BRDA:95,11,1,0
BRDA:95,12,0,0
BRDA:95,12,1,0
BRDA:102,13,0,0
BRDA:102,13,1,0
BRDA:102,14,0,0
BRDA:102,14,1,0
BRDA:109,15,0,0
BRDA:109,15,1,0
BRDA:109,16,0,0
BRDA:109,16,1,0
BRDA:116,17,0,0
BRDA:116,17,1,0
BRDA:116,18,0,0
BRDA:116,18,1,0
BRDA:118,19,0,0
BRDA:118,19,1,0
BRDA:127,20,0,0
BRDA:127,20,1,0
BRDA:133,21,0,0
BRDA:133,21,1,0
BRDA:141,22,0,0
BRDA:141,22,1,0
BRDA:152,23,0,0
BRDA:152,23,1,0
BRDA:152,24,0,0
BRDA:152,24,1,0
BRDA:163,25,0,0
BRDA:163,25,1,0
BRDA:166,26,0,0
BRDA:166,26,1,0
BRDA:166,27,0,0
BRDA:166,27,1,0
BRDA:188,28,0,0
BRDA:188,28,1,0
BRDA:194,29,0,0
BRDA:194,29,1,0
BRDA:194,30,0,0
BRDA:194,30,1,0
BRDA:201,31,0,0
BRDA:201,31,1,0
BRDA:201,32,0,0
BRDA:201,32,1,0
BRDA:214,33,0,0
BRDA:214,33,1,0
BRDA:214,34,0,0
BRDA:214,34,1,0
BRDA:225,35,0,0
BRDA:225,35,1,0
BRDA:235,36,0,0
BRDA:235,36,1,0
BRDA:243,37,0,0
BRDA:243,37,1,0
BRF:73
BRH:0
end_of_record
TN:
SF:lib/utils/time-helpers.ts
FN:14,isTodayEastern
FN:24,getEasternDateString
FN:34,getEasternSlotIndexForNow
FN:77,getEasternWindowForSlot
FN:111,etTimeToUTC
FN:122,getUtcWindowForEtDate
FN:133,getYesterdayEastern
FN:144,getEasternDateRange
FNF:8
FNH:0
FNDA:0,isTodayEastern
FNDA:0,getEasternDateString
FNDA:0,getEasternSlotIndexForNow
FNDA:0,getEasternWindowForSlot
FNDA:0,etTimeToUTC
FNDA:0,getUtcWindowForEtDate
FNDA:0,getYesterdayEastern
FNDA:0,getEasternDateRange
DA:6,0
DA:9,0
DA:14,0
DA:15,0
DA:16,0
DA:17,0
DA:18,0
DA:24,0
DA:25,0
DA:26,0
DA:27,0
DA:34,0
DA:35,0
DA:36,0
DA:37,0
DA:38,0
DA:39,0
DA:42,0
DA:52,0
DA:54,0
DA:55,0
DA:60,0
DA:65,0
DA:66,0
DA:67,0
DA:77,0
DA:83,0
DA:84,0
DA:86,0
DA:87,0
DA:91,0
DA:92,0
DA:93,0
DA:94,0
DA:97,0
DA:98,0
DA:100,0
DA:111,0
DA:112,0
DA:113,0
DA:114,0
DA:115,0
DA:116,0
DA:122,0
DA:123,0
DA:124,0
DA:125,0
DA:126,0
DA:127,0
DA:133,0
DA:134,0
DA:135,0
DA:136,0
DA:137,0
DA:138,0
DA:144,0
DA:145,0
DA:146,0
DA:148,0
DA:149,0
DA:150,0
DA:151,0
DA:154,0
LF:63
LH:0
BRDA:54,0,0,0
BRDA:54,0,1,0
BRDA:54,1,0,0
BRDA:54,1,1,0
BRDA:60,2,0,0
BRDA:60,2,1,0
BRDA:66,3,0,0
BRDA:66,3,1,0
BRDA:83,4,0,0
BRDA:83,4,1,0
BRDA:86,5,0,0
BRDA:86,5,1,0
BRDA:145,6,0,0
BRDA:145,6,1,0
BRF:14
BRH:0
end_of_record
TN:
SF:lib/validation/content.ts
FN:29,(anonymous_4)
FN:102,(anonymous_5)
FN:139,(anonymous_6)
FN:197,(anonymous_7)
FN:206,(anonymous_8)
FN:213,(anonymous_9)
FN:220,(anonymous_10)
FN:227,(anonymous_11)
FN:231,(anonymous_12)
FN:241,(anonymous_13)
FN:244,(anonymous_14)
FN:257,(anonymous_15)
FN:261,validateContent
FN:272,validateContentUpdate
FNF:14
FNH:14
FNDA:14,(anonymous_4)
FNDA:2,(anonymous_5)
FNDA:14,(anonymous_6)
FNDA:48,(anonymous_7)
FNDA:16,(anonymous_8)
FNDA:64,(anonymous_9)
FNDA:12,(anonymous_10)
FNDA:41,(anonymous_11)
FNDA:5,(anonymous_12)
FNDA:18,(anonymous_13)
FNDA:7,(anonymous_14)
FNDA:32,(anonymous_15)
FNDA:2,validateContent
FNDA:2,validateContentUpdate
DA:1,2
DA:28,43
DA:30,14
DA:33,14
DA:34,2
DA:41,14
DA:42,5
DA:49,14
DA:50,2
DA:57,14
DA:58,14
DA:59,2
DA:66,14
DA:69,14
DA:70,1
DA:76,14
DA:77,1
DA:84,14
DA:85,1
DA:92,14
DA:93,1
DA:99,14
DA:103,2
DA:106,2
DA:107,1
DA:114,2
DA:115,0
DA:121,2
DA:122,0
DA:129,2
DA:130,1
DA:136,2
DA:143,14
DA:145,14
DA:147,8
DA:148,2
DA:153,8
DA:154,1
DA:159,8
DA:162,2
DA:163,1
DA:168,2
DA:169,0
DA:174,2
DA:177,2
DA:178,1
DA:183,2
DA:184,0
DA:189,2
DA:193,0
DA:198,48
DA:199,48
DA:200,40
DA:202,8
DA:207,16
DA:209,14
DA:210,14
DA:213,64
DA:221,12
DA:223,10
DA:224,10
DA:227,41
DA:232,5
DA:241,18
DA:245,7
DA:257,32
DA:261,2
DA:265,2
DA:266,2
DA:272,2
DA:276,2
DA:277,2
LF:72
LH:67
BRDA:33,0,0,2
BRDA:33,0,1,12
BRDA:41,1,0,5
BRDA:41,1,1,9
BRDA:49,2,0,2
BRDA:49,2,1,12
BRDA:49,3,0,14
BRDA:49,3,1,14
BRDA:57,4,0,14
BRDA:57,4,1,5
BRDA:57,4,2,3
BRDA:58,5,0,2
BRDA:58,5,1,12
BRDA:69,6,0,1
BRDA:69,6,1,13
BRDA:69,7,0,14
BRDA:69,7,1,2
BRDA:76,8,0,1
BRDA:76,8,1,13
BRDA:76,9,0,14
BRDA:76,9,1,1
BRDA:84,10,0,1
BRDA:84,10,1,13
BRDA:84,11,0,14
BRDA:84,11,1,9
BRDA:92,12,0,1
BRDA:92,12,1,13
BRDA:92,13,0,14
BRDA:92,13,1,2
BRDA:106,14,0,1
BRDA:106,14,1,1
BRDA:106,15,0,2
BRDA:106,15,1,1
BRDA:114,16,0,0
BRDA:114,16,1,2
BRDA:114,17,0,2
BRDA:114,17,1,0
BRDA:121,18,0,0
BRDA:121,18,1,2
BRDA:121,19,0,2
BRDA:121,19,1,0
BRDA:129,20,0,1
BRDA:129,20,1,1
BRDA:129,21,0,2
BRDA:129,21,1,2
BRDA:145,22,0,8
BRDA:145,22,1,2
BRDA:145,22,2,2
BRDA:145,22,3,0
BRDA:147,23,0,2
BRDA:147,23,1,6
BRDA:153,24,0,1
BRDA:153,24,1,7
BRDA:153,25,0,8
BRDA:153,25,1,7
BRDA:162,26,0,1
BRDA:162,26,1,1
BRDA:168,27,0,0
BRDA:168,27,1,2
BRDA:177,28,0,1
BRDA:177,28,1,1
BRDA:183,29,0,0
BRDA:183,29,1,2
BRDA:200,30,0,40
BRDA:200,30,1,39
BRDA:207,31,0,2
BRDA:207,31,1,14
BRDA:213,32,0,14
BRDA:213,32,1,8
BRDA:213,32,2,7
BRDA:213,32,3,6
BRDA:213,32,4,5
BRDA:221,33,0,2
BRDA:221,33,1,10
BRDA:227,34,0,10
BRDA:227,34,1,7
BRF:76
BRH:69
end_of_record
